0 verbose cli /Users/Arias/.nvm/versions/node/v22.22.0/bin/node /Users/Arias/.nvm/versions/node/v22.22.0/bin/npm
1 info using npm@10.9.4
2 info using node@v22.22.0
3 silly config load:file:/Users/Arias/.nvm/versions/node/v22.22.0/lib/node_modules/npm/npmrc
4 silly config load:file:/Users/Arias/.openclaw/workspace/Monkey-site/.npmrc
5 silly config load:file:/Users/Arias/.npmrc
6 silly config load:file:/Users/Arias/.nvm/versions/node/v22.22.0/etc/npmrc
7 verbose title npm install
8 verbose argv "install" "--omit" "dev" "--cache" ".npm-cache" "--loglevel" "warn"
9 verbose logfile logs-max:10 dir:/Users/Arias/.openclaw/workspace/Monkey-site/.npm-cache/_logs/2026-02-20T09_43_55_840Z-
10 verbose logfile /Users/Arias/.openclaw/workspace/Monkey-site/.npm-cache/_logs/2026-02-20T09_43_55_840Z-debug-0.log
11 silly logfile done cleaning log files
12 silly packumentCache heap:4345298944 maxSize:1086324736 maxEntrySize:543162368
13 silly idealTree buildDeps
14 silly reify mark retired [
14 silly reify   '/Users/Arias/.openclaw/workspace/Monkey-site/node_modules/bin-links'
14 silly reify ]
15 silly reify mark retired [
15 silly reify   '/Users/Arias/.openclaw/workspace/Monkey-site/node_modules/caniuse-lite'
15 silly reify ]
16 silly reify mark retired [
16 silly reify   '/Users/Arias/.openclaw/workspace/Monkey-site/node_modules/client-only'
16 silly reify ]
17 silly reify mark retired [ '/Users/Arias/.openclaw/workspace/Monkey-site/node_modules/clsx' ]
18 silly reify mark retired [
18 silly reify   '/Users/Arias/.openclaw/workspace/Monkey-site/node_modules/cmd-shim'
18 silly reify ]
19 silly reify mark retired [
19 silly reify   '/Users/Arias/.openclaw/workspace/Monkey-site/node_modules/d3-array'
19 silly reify ]
20 silly reify mark retired [ '/Users/Arias/.openclaw/workspace/Monkey-site/node_modules/csstype' ]
21 silly reify mark retired [
21 silly reify   '/Users/Arias/.openclaw/workspace/Monkey-site/node_modules/d3-color'
21 silly reify ]
22 silly reify mark retired [ '/Users/Arias/.openclaw/workspace/Monkey-site/node_modules/d3-ease' ]
23 silly reify mark retired [
23 silly reify   '/Users/Arias/.openclaw/workspace/Monkey-site/node_modules/d3-format'
23 silly reify ]
24 silly reify mark retired [
24 silly reify   '/Users/Arias/.openclaw/workspace/Monkey-site/node_modules/d3-interpolate'
24 silly reify ]
25 silly reify mark retired [ '/Users/Arias/.openclaw/workspace/Monkey-site/node_modules/d3-path' ]
26 silly reify mark retired [
26 silly reify   '/Users/Arias/.openclaw/workspace/Monkey-site/node_modules/d3-scale'
26 silly reify ]
27 silly reify mark retired [
27 silly reify   '/Users/Arias/.openclaw/workspace/Monkey-site/node_modules/d3-shape'
27 silly reify ]
28 silly reify mark retired [ '/Users/Arias/.openclaw/workspace/Monkey-site/node_modules/d3-time' ]
29 silly reify mark retired [
29 silly reify   '/Users/Arias/.openclaw/workspace/Monkey-site/node_modules/d3-time-format'
29 silly reify ]
30 silly reify mark retired [
30 silly reify   '/Users/Arias/.openclaw/workspace/Monkey-site/node_modules/d3-timer'
30 silly reify ]
31 silly reify mark retired [
31 silly reify   '/Users/Arias/.openclaw/workspace/Monkey-site/node_modules/decimal.js-light'
31 silly reify ]
32 silly reify mark retired [ '/Users/Arias/.openclaw/workspace/Monkey-site/node_modules/dotenv' ]
33 silly reify mark retired [
33 silly reify   '/Users/Arias/.openclaw/workspace/Monkey-site/node_modules/enhanced-resolve'
33 silly reify ]
34 silly reify mark retired [
34 silly reify   '/Users/Arias/.openclaw/workspace/Monkey-site/node_modules/fast-equals'
34 silly reify ]
35 silly reify mark retired [
35 silly reify   '/Users/Arias/.openclaw/workspace/Monkey-site/node_modules/dom-helpers'
35 silly reify ]
36 silly reify mark retired [
36 silly reify   '/Users/Arias/.openclaw/workspace/Monkey-site/node_modules/imurmurhash'
36 silly reify ]
37 silly reify mark retired [
37 silly reify   '/Users/Arias/.openclaw/workspace/Monkey-site/node_modules/internmap'
37 silly reify ]
38 silly reify mark retired [ '/Users/Arias/.openclaw/workspace/Monkey-site/node_modules/jiti' ]
39 silly reify mark retired [
39 silly reify   '/Users/Arias/.openclaw/workspace/Monkey-site/node_modules/js-tokens'
39 silly reify ]
40 silly reify mark retired [
40 silly reify   '/Users/Arias/.openclaw/workspace/Monkey-site/node_modules/lightningcss'
40 silly reify ]
41 silly reify mark retired [
41 silly reify   '/Users/Arias/.openclaw/workspace/Monkey-site/node_modules/lightningcss-darwin-arm64'
41 silly reify ]
42 silly reify mark retired [
42 silly reify   '/Users/Arias/.openclaw/workspace/Monkey-site/node_modules/lightningcss-darwin-x64'
42 silly reify ]
43 silly reify mark retired [
43 silly reify   '/Users/Arias/.openclaw/workspace/Monkey-site/node_modules/lightningcss-freebsd-x64'
43 silly reify ]
44 silly reify mark retired [
44 silly reify   '/Users/Arias/.openclaw/workspace/Monkey-site/node_modules/lightningcss-linux-arm-gnueabihf'
44 silly reify ]
45 silly reify mark retired [
45 silly reify   '/Users/Arias/.openclaw/workspace/Monkey-site/node_modules/lightningcss-linux-arm64-gnu'
45 silly reify ]
46 silly reify mark retired [
46 silly reify   '/Users/Arias/.openclaw/workspace/Monkey-site/node_modules/lightningcss-linux-arm64-musl'
46 silly reify ]
47 silly reify mark retired [
47 silly reify   '/Users/Arias/.openclaw/workspace/Monkey-site/node_modules/lightningcss-linux-x64-gnu'
47 silly reify ]
48 silly reify mark retired [
48 silly reify   '/Users/Arias/.openclaw/workspace/Monkey-site/node_modules/lightningcss-linux-x64-musl'
48 silly reify ]
49 silly reify mark retired [
49 silly reify   '/Users/Arias/.openclaw/workspace/Monkey-site/node_modules/lightningcss-win32-arm64-msvc'
49 silly reify ]
50 silly reify mark retired [
50 silly reify   '/Users/Arias/.openclaw/workspace/Monkey-site/node_modules/lightningcss-win32-x64-msvc'
50 silly reify ]
51 silly reify mark retired [ '/Users/Arias/.openclaw/workspace/Monkey-site/node_modules/lodash' ]
52 silly reify mark retired [
52 silly reify   '/Users/Arias/.openclaw/workspace/Monkey-site/node_modules/lucide-react'
52 silly reify ]
53 silly reify mark retired [
53 silly reify   '/Users/Arias/.openclaw/workspace/Monkey-site/node_modules/loose-envify'
53 silly reify ]
54 silly reify mark retired [
54 silly reify   '/Users/Arias/.openclaw/workspace/Monkey-site/node_modules/magic-string'
54 silly reify ]
55 silly reify mark retired [
55 silly reify   '/Users/Arias/.openclaw/workspace/Monkey-site/node_modules/minipass'
55 silly reify ]
56 silly reify mark retired [ '/Users/Arias/.openclaw/workspace/Monkey-site/node_modules/nanoid' ]
57 silly reify mark retired [
57 silly reify   '/Users/Arias/.openclaw/workspace/Monkey-site/node_modules/npm-normalize-package-bin'
57 silly reify ]
58 silly reify mark retired [ '/Users/Arias/.openclaw/workspace/Monkey-site/node_modules/postcss' ]
59 silly reify mark retired [
59 silly reify   '/Users/Arias/.openclaw/workspace/Monkey-site/node_modules/proc-log'
59 silly reify ]
60 silly reify mark retired [ '/Users/Arias/.openclaw/workspace/Monkey-site/node_modules/react' ]
61 silly reify mark retired [
61 silly reify   '/Users/Arias/.openclaw/workspace/Monkey-site/node_modules/react-is'
61 silly reify ]
62 silly reify mark retired [
62 silly reify   '/Users/Arias/.openclaw/workspace/Monkey-site/node_modules/react-dom'
62 silly reify ]
63 silly reify mark retired [
63 silly reify   '/Users/Arias/.openclaw/workspace/Monkey-site/node_modules/react-smooth'
63 silly reify ]
64 silly reify mark retired [
64 silly reify   '/Users/Arias/.openclaw/workspace/Monkey-site/node_modules/react-transition-group'
64 silly reify ]
65 silly reify mark retired [
65 silly reify   '/Users/Arias/.openclaw/workspace/Monkey-site/node_modules/read-cmd-shim'
65 silly reify ]
66 silly reify mark retired [
66 silly reify   '/Users/Arias/.openclaw/workspace/Monkey-site/node_modules/recharts'
66 silly reify ]
67 silly reify mark retired [
67 silly reify   '/Users/Arias/.openclaw/workspace/Monkey-site/node_modules/recharts-scale'
67 silly reify ]
68 silly reify mark retired [
68 silly reify   '/Users/Arias/.openclaw/workspace/Monkey-site/node_modules/scheduler'
68 silly reify ]
69 silly reify mark retired [ '/Users/Arias/.openclaw/workspace/Monkey-site/node_modules/semver' ]
70 silly reify mark retired [
70 silly reify   '/Users/Arias/.openclaw/workspace/Monkey-site/node_modules/source-map-js'
70 silly reify ]
71 silly reify mark retired [
71 silly reify   '/Users/Arias/.openclaw/workspace/Monkey-site/node_modules/styled-jsx'
71 silly reify ]
72 silly reify mark retired [
72 silly reify   '/Users/Arias/.openclaw/workspace/Monkey-site/node_modules/tailwindcss'
72 silly reify ]
73 silly reify mark retired [ '/Users/Arias/.openclaw/workspace/Monkey-site/node_modules/tapable' ]
74 silly reify mark retired [ '/Users/Arias/.openclaw/workspace/Monkey-site/node_modules/tar' ]
75 silly reify mark retired [
75 silly reify   '/Users/Arias/.openclaw/workspace/Monkey-site/node_modules/tiny-invariant'
75 silly reify ]
76 silly reify mark retired [
76 silly reify   '/Users/Arias/.openclaw/workspace/Monkey-site/node_modules/typescript'
76 silly reify ]
77 silly reify mark retired [
77 silly reify   '/Users/Arias/.openclaw/workspace/Monkey-site/node_modules/undici-types'
77 silly reify ]
78 silly reify mark retired [
78 silly reify   '/Users/Arias/.openclaw/workspace/Monkey-site/node_modules/victory-vendor'
78 silly reify ]
79 silly reify mark retired [
79 silly reify   '/Users/Arias/.openclaw/workspace/Monkey-site/node_modules/write-file-atomic'
79 silly reify ]
80 silly reify mark retired [
80 silly reify   '/Users/Arias/.openclaw/workspace/Monkey-site/node_modules/@alloc/quick-lru'
80 silly reify ]
81 silly reify mark retired [
81 silly reify   '/Users/Arias/.openclaw/workspace/Monkey-site/node_modules/@ampproject/remapping'
81 silly reify ]
82 silly reify mark retired [ '/Users/Arias/.openclaw/workspace/Monkey-site/node_modules/ws' ]
83 silly reify mark retired [
83 silly reify   '/Users/Arias/.openclaw/workspace/Monkey-site/node_modules/@babel/runtime'
83 silly reify ]
84 silly reify mark retired [
84 silly reify   '/Users/Arias/.openclaw/workspace/Monkey-site/node_modules/@img/sharp-darwin-x64'
84 silly reify ]
85 silly reify mark retired [
85 silly reify   '/Users/Arias/.openclaw/workspace/Monkey-site/node_modules/@img/sharp-libvips-darwin-x64'
85 silly reify ]
86 silly reify mark retired [
86 silly reify   '/Users/Arias/.openclaw/workspace/Monkey-site/node_modules/@img/sharp-libvips-linux-arm64'
86 silly reify ]
87 silly reify mark retired [
87 silly reify   '/Users/Arias/.openclaw/workspace/Monkey-site/node_modules/@img/sharp-libvips-linux-arm'
87 silly reify ]
88 silly reify mark retired [
88 silly reify   '/Users/Arias/.openclaw/workspace/Monkey-site/node_modules/@img/sharp-libvips-linux-ppc64'
88 silly reify ]
89 silly reify mark retired [
89 silly reify   '/Users/Arias/.openclaw/workspace/Monkey-site/node_modules/@img/sharp-libvips-linux-riscv64'
89 silly reify ]
90 silly reify mark retired [
90 silly reify   '/Users/Arias/.openclaw/workspace/Monkey-site/node_modules/@img/sharp-libvips-linux-s390x'
90 silly reify ]
91 silly reify mark retired [
91 silly reify   '/Users/Arias/.openclaw/workspace/Monkey-site/node_modules/@img/sharp-libvips-linux-x64'
91 silly reify ]
92 silly reify mark retired [
92 silly reify   '/Users/Arias/.openclaw/workspace/Monkey-site/node_modules/@img/sharp-libvips-linuxmusl-arm64'
92 silly reify ]
93 silly reify mark retired [
93 silly reify   '/Users/Arias/.openclaw/workspace/Monkey-site/node_modules/@img/sharp-libvips-linuxmusl-x64'
93 silly reify ]
94 silly reify mark retired [
94 silly reify   '/Users/Arias/.openclaw/workspace/Monkey-site/node_modules/@img/sharp-linux-arm'
94 silly reify ]
95 silly reify mark retired [
95 silly reify   '/Users/Arias/.openclaw/workspace/Monkey-site/node_modules/@img/sharp-linux-arm64'
95 silly reify ]
96 silly reify mark retired [
96 silly reify   '/Users/Arias/.openclaw/workspace/Monkey-site/node_modules/@img/sharp-linux-ppc64'
96 silly reify ]
97 silly reify mark retired [
97 silly reify   '/Users/Arias/.openclaw/workspace/Monkey-site/node_modules/@img/sharp-linux-riscv64'
97 silly reify ]
98 silly reify mark retired [
98 silly reify   '/Users/Arias/.openclaw/workspace/Monkey-site/node_modules/@img/sharp-linux-s390x'
98 silly reify ]
99 silly reify mark retired [
99 silly reify   '/Users/Arias/.openclaw/workspace/Monkey-site/node_modules/@img/sharp-linux-x64'
99 silly reify ]
100 silly reify mark retired [
100 silly reify   '/Users/Arias/.openclaw/workspace/Monkey-site/node_modules/@img/sharp-linuxmusl-x64'
100 silly reify ]
101 silly reify mark retired [
101 silly reify   '/Users/Arias/.openclaw/workspace/Monkey-site/node_modules/@img/sharp-linuxmusl-arm64'
101 silly reify ]
102 silly reify mark retired [
102 silly reify   '/Users/Arias/.openclaw/workspace/Monkey-site/node_modules/@img/sharp-wasm32'
102 silly reify ]
103 silly reify mark retired [
103 silly reify   '/Users/Arias/.openclaw/workspace/Monkey-site/node_modules/@img/sharp-win32-arm64'
103 silly reify ]
104 silly reify mark retired [
104 silly reify   '/Users/Arias/.openclaw/workspace/Monkey-site/node_modules/@img/sharp-win32-ia32'
104 silly reify ]
105 silly reify mark retired [
105 silly reify   '/Users/Arias/.openclaw/workspace/Monkey-site/node_modules/@img/sharp-win32-x64'
105 silly reify ]
106 silly reify mark retired [
106 silly reify   '/Users/Arias/.openclaw/workspace/Monkey-site/node_modules/@jridgewell/gen-mapping'
106 silly reify ]
107 silly reify mark retired [
107 silly reify   '/Users/Arias/.openclaw/workspace/Monkey-site/node_modules/@jridgewell/resolve-uri'
107 silly reify ]
108 silly reify mark retired [
108 silly reify   '/Users/Arias/.openclaw/workspace/Monkey-site/node_modules/@jridgewell/set-array'
108 silly reify ]
109 silly reify mark retired [
109 silly reify   '/Users/Arias/.openclaw/workspace/Monkey-site/node_modules/@jridgewell/sourcemap-codec'
109 silly reify ]
110 silly reify mark retired [
110 silly reify   '/Users/Arias/.openclaw/workspace/Monkey-site/node_modules/@jridgewell/trace-mapping'
110 silly reify ]
111 silly reify mark retired [
111 silly reify   '/Users/Arias/.openclaw/workspace/Monkey-site/node_modules/@next/env'
111 silly reify ]
112 silly reify mark retired [
112 silly reify   '/Users/Arias/.openclaw/workspace/Monkey-site/node_modules/@next/swc-darwin-x64'
112 silly reify ]
113 silly reify mark retired [
113 silly reify   '/Users/Arias/.openclaw/workspace/Monkey-site/node_modules/@next/swc-darwin-arm64'
113 silly reify ]
114 silly reify mark retired [
114 silly reify   '/Users/Arias/.openclaw/workspace/Monkey-site/node_modules/@next/swc-linux-arm64-gnu'
114 silly reify ]
115 silly reify mark retired [
115 silly reify   '/Users/Arias/.openclaw/workspace/Monkey-site/node_modules/@next/swc-linux-arm64-musl'
115 silly reify ]
116 silly reify mark retired [
116 silly reify   '/Users/Arias/.openclaw/workspace/Monkey-site/node_modules/@next/swc-linux-x64-gnu'
116 silly reify ]
117 silly reify mark retired [
117 silly reify   '/Users/Arias/.openclaw/workspace/Monkey-site/node_modules/@next/swc-linux-x64-musl'
117 silly reify ]
118 silly reify mark retired [
118 silly reify   '/Users/Arias/.openclaw/workspace/Monkey-site/node_modules/@next/swc-win32-arm64-msvc'
118 silly reify ]
119 silly reify mark retired [
119 silly reify   '/Users/Arias/.openclaw/workspace/Monkey-site/node_modules/@next/swc-win32-x64-msvc'
119 silly reify ]
120 silly reify mark retired [
120 silly reify   '/Users/Arias/.openclaw/workspace/Monkey-site/node_modules/@supabase/auth-js'
120 silly reify ]
121 silly reify mark retired [
121 silly reify   '/Users/Arias/.openclaw/workspace/Monkey-site/node_modules/@supabase/functions-js'
121 silly reify ]
122 silly reify mark retired [
122 silly reify   '/Users/Arias/.openclaw/workspace/Monkey-site/node_modules/@supabase/node-fetch'
122 silly reify ]
123 silly reify mark retired [
123 silly reify   '/Users/Arias/.openclaw/workspace/Monkey-site/node_modules/@supabase/postgrest-js'
123 silly reify ]
124 silly reify mark retired [
124 silly reify   '/Users/Arias/.openclaw/workspace/Monkey-site/node_modules/@supabase/realtime-js'
124 silly reify ]
125 silly reify mark retired [
125 silly reify   '/Users/Arias/.openclaw/workspace/Monkey-site/node_modules/@supabase/storage-js'
125 silly reify ]
126 silly reify mark retired [
126 silly reify   '/Users/Arias/.openclaw/workspace/Monkey-site/node_modules/@supabase/supabase-js'
126 silly reify ]
127 silly reify mark retired [
127 silly reify   '/Users/Arias/.openclaw/workspace/Monkey-site/node_modules/@swc/helpers'
127 silly reify ]
128 silly reify mark retired [
128 silly reify   '/Users/Arias/.openclaw/workspace/Monkey-site/node_modules/@tailwindcss/node'
128 silly reify ]
129 silly reify mark retired [
129 silly reify   '/Users/Arias/.openclaw/workspace/Monkey-site/node_modules/@tailwindcss/oxide-android-arm64'
129 silly reify ]
130 silly reify mark retired [
130 silly reify   '/Users/Arias/.openclaw/workspace/Monkey-site/node_modules/@tailwindcss/oxide'
130 silly reify ]
131 silly reify mark retired [
131 silly reify   '/Users/Arias/.openclaw/workspace/Monkey-site/node_modules/@tailwindcss/oxide-darwin-arm64'
131 silly reify ]
132 silly reify mark retired [
132 silly reify   '/Users/Arias/.openclaw/workspace/Monkey-site/node_modules/@tailwindcss/oxide-darwin-x64'
132 silly reify ]
133 silly reify mark retired [
133 silly reify   '/Users/Arias/.openclaw/workspace/Monkey-site/node_modules/@tailwindcss/oxide-freebsd-x64'
133 silly reify ]
134 silly reify mark retired [
134 silly reify   '/Users/Arias/.openclaw/workspace/Monkey-site/node_modules/@tailwindcss/oxide-linux-arm-gnueabihf'
134 silly reify ]
135 silly reify mark retired [
135 silly reify   '/Users/Arias/.openclaw/workspace/Monkey-site/node_modules/@tailwindcss/oxide-linux-arm64-gnu'
135 silly reify ]
136 silly reify mark retired [
136 silly reify   '/Users/Arias/.openclaw/workspace/Monkey-site/node_modules/@tailwindcss/oxide-linux-arm64-musl'
136 silly reify ]
137 silly reify mark retired [
137 silly reify   '/Users/Arias/.openclaw/workspace/Monkey-site/node_modules/@tailwindcss/oxide-linux-x64-gnu'
137 silly reify ]
138 silly reify mark retired [
138 silly reify   '/Users/Arias/.openclaw/workspace/Monkey-site/node_modules/@tailwindcss/oxide-linux-x64-musl'
138 silly reify ]
139 silly reify mark retired [
139 silly reify   '/Users/Arias/.openclaw/workspace/Monkey-site/node_modules/@tailwindcss/oxide-wasm32-wasi'
139 silly reify ]
140 silly reify mark retired [
140 silly reify   '/Users/Arias/.openclaw/workspace/Monkey-site/node_modules/@tailwindcss/oxide-win32-arm64-msvc'
140 silly reify ]
141 silly reify mark retired [
141 silly reify   '/Users/Arias/.openclaw/workspace/Monkey-site/node_modules/@tailwindcss/oxide-win32-x64-msvc'
141 silly reify ]
142 silly reify mark retired [
142 silly reify   '/Users/Arias/.openclaw/workspace/Monkey-site/node_modules/@tailwindcss/postcss'
142 silly reify ]
143 silly reify mark retired [
143 silly reify   '/Users/Arias/.openclaw/workspace/Monkey-site/node_modules/@types/d3-array'
143 silly reify ]
144 silly reify mark retired [
144 silly reify   '/Users/Arias/.openclaw/workspace/Monkey-site/node_modules/@types/d3-color'
144 silly reify ]
145 silly reify mark retired [
145 silly reify   '/Users/Arias/.openclaw/workspace/Monkey-site/node_modules/@types/d3-ease'
145 silly reify ]
146 silly reify mark retired [
146 silly reify   '/Users/Arias/.openclaw/workspace/Monkey-site/node_modules/@types/d3-interpolate'
146 silly reify ]
147 silly reify mark retired [
147 silly reify   '/Users/Arias/.openclaw/workspace/Monkey-site/node_modules/@types/d3-scale'
147 silly reify ]
148 silly reify mark retired [
148 silly reify   '/Users/Arias/.openclaw/workspace/Monkey-site/node_modules/@types/d3-path'
148 silly reify ]
149 silly reify mark retired [
149 silly reify   '/Users/Arias/.openclaw/workspace/Monkey-site/node_modules/@types/d3-shape'
149 silly reify ]
150 silly reify mark retired [
150 silly reify   '/Users/Arias/.openclaw/workspace/Monkey-site/node_modules/@types/d3-time'
150 silly reify ]
151 silly reify mark retired [
151 silly reify   '/Users/Arias/.openclaw/workspace/Monkey-site/node_modules/@types/d3-timer'
151 silly reify ]
152 silly reify mark retired [
152 silly reify   '/Users/Arias/.openclaw/workspace/Monkey-site/node_modules/@types/node'
152 silly reify ]
153 silly reify mark retired [
153 silly reify   '/Users/Arias/.openclaw/workspace/Monkey-site/node_modules/@types/phoenix'
153 silly reify ]
154 silly reify mark retired [
154 silly reify   '/Users/Arias/.openclaw/workspace/Monkey-site/node_modules/@types/react'
154 silly reify ]
155 silly reify mark retired [
155 silly reify   '/Users/Arias/.openclaw/workspace/Monkey-site/node_modules/@types/react-dom'
155 silly reify ]
156 silly reify moves {
156 silly reify   '/Users/Arias/.openclaw/workspace/Monkey-site/node_modules/bin-links': '/Users/Arias/.openclaw/workspace/Monkey-site/node_modules/.bin-links-aywCQzaS',
156 silly reify   '/Users/Arias/.openclaw/workspace/Monkey-site/node_modules/caniuse-lite': '/Users/Arias/.openclaw/workspace/Monkey-site/node_modules/.caniuse-lite-KDZtMySC',
156 silly reify   '/Users/Arias/.openclaw/workspace/Monkey-site/node_modules/client-only': '/Users/Arias/.openclaw/workspace/Monkey-site/node_modules/.client-only-EaOzsN0E',
156 silly reify   '/Users/Arias/.openclaw/workspace/Monkey-site/node_modules/clsx': '/Users/Arias/.openclaw/workspace/Monkey-site/node_modules/.clsx-tvlrv3wu',
156 silly reify   '/Users/Arias/.openclaw/workspace/Monkey-site/node_modules/cmd-shim': '/Users/Arias/.openclaw/workspace/Monkey-site/node_modules/.cmd-shim-8QiNall4',
156 silly reify   '/Users/Arias/.openclaw/workspace/Monkey-site/node_modules/d3-array': '/Users/Arias/.openclaw/workspace/Monkey-site/node_modules/.d3-array-4wjgULjt',
156 silly reify   '/Users/Arias/.openclaw/workspace/Monkey-site/node_modules/csstype': '/Users/Arias/.openclaw/workspace/Monkey-site/node_modules/.csstype-lp8CpYKb',
156 silly reify   '/Users/Arias/.openclaw/workspace/Monkey-site/node_modules/d3-color': '/Users/Arias/.openclaw/workspace/Monkey-site/node_modules/.d3-color-k4BcBMOH',
156 silly reify   '/Users/Arias/.openclaw/workspace/Monkey-site/node_modules/d3-ease': '/Users/Arias/.openclaw/workspace/Monkey-site/node_modules/.d3-ease-X7SIS5rH',
156 silly reify   '/Users/Arias/.openclaw/workspace/Monkey-site/node_modules/d3-format': '/Users/Arias/.openclaw/workspace/Monkey-site/node_modules/.d3-format-MMBRmOCK',
156 silly reify   '/Users/Arias/.openclaw/workspace/Monkey-site/node_modules/d3-interpolate': '/Users/Arias/.openclaw/workspace/Monkey-site/node_modules/.d3-interpolate-mxfWZJIr',
156 silly reify   '/Users/Arias/.openclaw/workspace/Monkey-site/node_modules/d3-path': '/Users/Arias/.openclaw/workspace/Monkey-site/node_modules/.d3-path-qr8lVCvf',
156 silly reify   '/Users/Arias/.openclaw/workspace/Monkey-site/node_modules/d3-scale': '/Users/Arias/.openclaw/workspace/Monkey-site/node_modules/.d3-scale-nRki8wK8',
156 silly reify   '/Users/Arias/.openclaw/workspace/Monkey-site/node_modules/d3-shape': '/Users/Arias/.openclaw/workspace/Monkey-site/node_modules/.d3-shape-eENBlwJY',
156 silly reify   '/Users/Arias/.openclaw/workspace/Monkey-site/node_modules/d3-time': '/Users/Arias/.openclaw/workspace/Monkey-site/node_modules/.d3-time-nqHTLC6d',
156 silly reify   '/Users/Arias/.openclaw/workspace/Monkey-site/node_modules/d3-time-format': '/Users/Arias/.openclaw/workspace/Monkey-site/node_modules/.d3-time-format-6iSiUdPH',
156 silly reify   '/Users/Arias/.openclaw/workspace/Monkey-site/node_modules/d3-timer': '/Users/Arias/.openclaw/workspace/Monkey-site/node_modules/.d3-timer-Gz6PLVFu',
156 silly reify   '/Users/Arias/.openclaw/workspace/Monkey-site/node_modules/decimal.js-light': '/Users/Arias/.openclaw/workspace/Monkey-site/node_modules/.decimal.js-light-sfSMMPK2',
156 silly reify   '/Users/Arias/.openclaw/workspace/Monkey-site/node_modules/dotenv': '/Users/Arias/.openclaw/workspace/Monkey-site/node_modules/.dotenv-AGUS3dn0',
156 silly reify   '/Users/Arias/.openclaw/workspace/Monkey-site/node_modules/enhanced-resolve': '/Users/Arias/.openclaw/workspace/Monkey-site/node_modules/.enhanced-resolve-XlF2gnzW',
156 silly reify   '/Users/Arias/.openclaw/workspace/Monkey-site/node_modules/fast-equals': '/Users/Arias/.openclaw/workspace/Monkey-site/node_modules/.fast-equals-ifu68UQf',
156 silly reify   '/Users/Arias/.openclaw/workspace/Monkey-site/node_modules/dom-helpers': '/Users/Arias/.openclaw/workspace/Monkey-site/node_modules/.dom-helpers-Dd3NGd2M',
156 silly reify   '/Users/Arias/.openclaw/workspace/Monkey-site/node_modules/imurmurhash': '/Users/Arias/.openclaw/workspace/Monkey-site/node_modules/.imurmurhash-Kqkq8pJq',
156 silly reify   '/Users/Arias/.openclaw/workspace/Monkey-site/node_modules/internmap': '/Users/Arias/.openclaw/workspace/Monkey-site/node_modules/.internmap-W6o5CYBX',
156 silly reify   '/Users/Arias/.openclaw/workspace/Monkey-site/node_modules/jiti': '/Users/Arias/.openclaw/workspace/Monkey-site/node_modules/.jiti-ylLSd4fT',
156 silly reify   '/Users/Arias/.openclaw/workspace/Monkey-site/node_modules/js-tokens': '/Users/Arias/.openclaw/workspace/Monkey-site/node_modules/.js-tokens-F96Cfntn',
156 silly reify   '/Users/Arias/.openclaw/workspace/Monkey-site/node_modules/lightningcss': '/Users/Arias/.openclaw/workspace/Monkey-site/node_modules/.lightningcss-zKnYwBb2',
156 silly reify   '/Users/Arias/.openclaw/workspace/Monkey-site/node_modules/lightningcss-darwin-arm64': '/Users/Arias/.openclaw/workspace/Monkey-site/node_modules/.lightningcss-darwin-arm64-ricMg0hw',
156 silly reify   '/Users/Arias/.openclaw/workspace/Monkey-site/node_modules/lightningcss-darwin-x64': '/Users/Arias/.openclaw/workspace/Monkey-site/node_modules/.lightningcss-darwin-x64-cvBrN8hD',
156 silly reify   '/Users/Arias/.openclaw/workspace/Monkey-site/node_modules/lightningcss-freebsd-x64': '/Users/Arias/.openclaw/workspace/Monkey-site/node_modules/.lightningcss-freebsd-x64-Y619G7wz',
156 silly reify   '/Users/Arias/.openclaw/workspace/Monkey-site/node_modules/lightningcss-linux-arm-gnueabihf': '/Users/Arias/.openclaw/workspace/Monkey-site/node_modules/.lightningcss-linux-arm-gnueabihf-PkYPJqh4',
156 silly reify   '/Users/Arias/.openclaw/workspace/Monkey-site/node_modules/lightningcss-linux-arm64-gnu': '/Users/Arias/.openclaw/workspace/Monkey-site/node_modules/.lightningcss-linux-arm64-gnu-S2EaJRxg',
156 silly reify   '/Users/Arias/.openclaw/workspace/Monkey-site/node_modules/lightningcss-linux-arm64-musl': '/Users/Arias/.openclaw/workspace/Monkey-site/node_modules/.lightningcss-linux-arm64-musl-HqCbn19n',
156 silly reify   '/Users/Arias/.openclaw/workspace/Monkey-site/node_modules/lightningcss-linux-x64-gnu': '/Users/Arias/.openclaw/workspace/Monkey-site/node_modules/.lightningcss-linux-x64-gnu-AmLfYHLk',
156 silly reify   '/Users/Arias/.openclaw/workspace/Monkey-site/node_modules/lightningcss-linux-x64-musl': '/Users/Arias/.openclaw/workspace/Monkey-site/node_modules/.lightningcss-linux-x64-musl-z2447Dpf',
156 silly reify   '/Users/Arias/.openclaw/workspace/Monkey-site/node_modules/lightningcss-win32-arm64-msvc': '/Users/Arias/.openclaw/workspace/Monkey-site/node_modules/.lightningcss-win32-arm64-msvc-miJINHkc',
156 silly reify   '/Users/Arias/.openclaw/workspace/Monkey-site/node_modules/lightningcss-win32-x64-msvc': '/Users/Arias/.openclaw/workspace/Monkey-site/node_modules/.lightningcss-win32-x64-msvc-84XkwqYe',
156 silly reify   '/Users/Arias/.openclaw/workspace/Monkey-site/node_modules/lodash': '/Users/Arias/.openclaw/workspace/Monkey-site/node_modules/.lodash-jCS1B2lI',
156 silly reify   '/Users/Arias/.openclaw/workspace/Monkey-site/node_modules/lucide-react': '/Users/Arias/.openclaw/workspace/Monkey-site/node_modules/.lucide-react-pDo8zICr',
156 silly reify   '/Users/Arias/.openclaw/workspace/Monkey-site/node_modules/loose-envify': '/Users/Arias/.openclaw/workspace/Monkey-site/node_modules/.loose-envify-cPb0HJoI',
156 silly reify   '/Users/Arias/.openclaw/workspace/Monkey-site/node_modules/magic-string': '/Users/Arias/.openclaw/workspace/Monkey-site/node_modules/.magic-string-PmG02wzg',
156 silly reify   '/Users/Arias/.openclaw/workspace/Monkey-site/node_modules/minipass': '/Users/Arias/.openclaw/workspace/Monkey-site/node_modules/.minipass-6jScg950',
156 silly reify   '/Users/Arias/.openclaw/workspace/Monkey-site/node_modules/nanoid': '/Users/Arias/.openclaw/workspace/Monkey-site/node_modules/.nanoid-oISI3uzV',
156 silly reify   '/Users/Arias/.openclaw/workspace/Monkey-site/node_modules/npm-normalize-package-bin': '/Users/Arias/.openclaw/workspace/Monkey-site/node_modules/.npm-normalize-package-bin-qhcUkkGc',
156 silly reify   '/Users/Arias/.openclaw/workspace/Monkey-site/node_modules/postcss': '/Users/Arias/.openclaw/workspace/Monkey-site/node_modules/.postcss-BWvtIdyZ',
156 silly reify   '/Users/Arias/.openclaw/workspace/Monkey-site/node_modules/proc-log': '/Users/Arias/.openclaw/workspace/Monkey-site/node_modules/.proc-log-VQ0ENLhb',
156 silly reify   '/Users/Arias/.openclaw/workspace/Monkey-site/node_modules/react': '/Users/Arias/.openclaw/workspace/Monkey-site/node_modules/.react-0ucbB0oK',
156 silly reify   '/Users/Arias/.openclaw/workspace/Monkey-site/node_modules/react-is': '/Users/Arias/.openclaw/workspace/Monkey-site/node_modules/.react-is-EtGyuecj',
156 silly reify   '/Users/Arias/.openclaw/workspace/Monkey-site/node_modules/react-dom': '/Users/Arias/.openclaw/workspace/Monkey-site/node_modules/.react-dom-D3QnF70Z',
156 silly reify   '/Users/Arias/.openclaw/workspace/Monkey-site/node_modules/react-smooth': '/Users/Arias/.openclaw/workspace/Monkey-site/node_modules/.react-smooth-0PGJL6s7',
156 silly reify   '/Users/Arias/.openclaw/workspace/Monkey-site/node_modules/react-transition-group': '/Users/Arias/.openclaw/workspace/Monkey-site/node_modules/.react-transition-group-BCTp3MP6',
156 silly reify   '/Users/Arias/.openclaw/workspace/Monkey-site/node_modules/read-cmd-shim': '/Users/Arias/.openclaw/workspace/Monkey-site/node_modules/.read-cmd-shim-z6ro1LNo',
156 silly reify   '/Users/Arias/.openclaw/workspace/Monkey-site/node_modules/recharts': '/Users/Arias/.openclaw/workspace/Monkey-site/node_modules/.recharts-ZGFGhpBH',
156 silly reify   '/Users/Arias/.openclaw/workspace/Monkey-site/node_modules/recharts-scale': '/Users/Arias/.openclaw/workspace/Monkey-site/node_modules/.recharts-scale-8I09lBIr',
156 silly reify   '/Users/Arias/.openclaw/workspace/Monkey-site/node_modules/scheduler': '/Users/Arias/.openclaw/workspace/Monkey-site/node_modules/.scheduler-pBO4zCh3',
156 silly reify   '/Users/Arias/.openclaw/workspace/Monkey-site/node_modules/semver': '/Users/Arias/.openclaw/workspace/Monkey-site/node_modules/.semver-c53GiiAl',
156 silly reify   '/Users/Arias/.openclaw/workspace/Monkey-site/node_modules/source-map-js': '/Users/Arias/.openclaw/workspace/Monkey-site/node_modules/.source-map-js-viM1wMPQ',
156 silly reify   '/Users/Arias/.openclaw/workspace/Monkey-site/node_modules/styled-jsx': '/Users/Arias/.openclaw/workspace/Monkey-site/node_modules/.styled-jsx-x6QsJ1cv',
156 silly reify   '/Users/Arias/.openclaw/workspace/Monkey-site/node_modules/tailwindcss': '/Users/Arias/.openclaw/workspace/Monkey-site/node_modules/.tailwindcss-iXde3mqj',
156 silly reify   '/Users/Arias/.openclaw/workspace/Monkey-site/node_modules/tapable': '/Users/Arias/.openclaw/workspace/Monkey-site/node_modules/.tapable-k9cDv4al',
156 silly reify   '/Users/Arias/.openclaw/workspace/Monkey-site/node_modules/tar': '/Users/Arias/.openclaw/workspace/Monkey-site/node_modules/.tar-g46ZTrDK',
156 silly reify   '/Users/Arias/.openclaw/workspace/Monkey-site/node_modules/tiny-invariant': '/Users/Arias/.openclaw/workspace/Monkey-site/node_modules/.tiny-invariant-x2jIX2l2',
156 silly reify   '/Users/Arias/.openclaw/workspace/Monkey-site/node_modules/typescript': '/Users/Arias/.openclaw/workspace/Monkey-site/node_modules/.typescript-RoC72lMc',
156 silly reify   '/Users/Arias/.openclaw/workspace/Monkey-site/node_modules/undici-types': '/Users/Arias/.openclaw/workspace/Monkey-site/node_modules/.undici-types-nD4GGKX2',
156 silly reify   '/Users/Arias/.openclaw/workspace/Monkey-site/node_modules/victory-vendor': '/Users/Arias/.openclaw/workspace/Monkey-site/node_modules/.victory-vendor-9dMl1cOa',
156 silly reify   '/Users/Arias/.openclaw/workspace/Monkey-site/node_modules/write-file-atomic': '/Users/Arias/.openclaw/workspace/Monkey-site/node_modules/.write-file-atomic-a8y0Jum9',
156 silly reify   '/Users/Arias/.openclaw/workspace/Monkey-site/node_modules/@alloc/quick-lru': '/Users/Arias/.openclaw/workspace/Monkey-site/node_modules/@alloc/.quick-lru-Vs9Ltitz',
156 silly reify   '/Users/Arias/.openclaw/workspace/Monkey-site/node_modules/@ampproject/remapping': '/Users/Arias/.openclaw/workspace/Monkey-site/node_modules/@ampproject/.remapping-GyFXpfGH',
156 silly reify   '/Users/Arias/.openclaw/workspace/Monkey-site/node_modules/ws': '/Users/Arias/.openclaw/workspace/Monkey-site/node_modules/.ws-dLhTi6Be',
156 silly reify   '/Users/Arias/.openclaw/workspace/Monkey-site/node_modules/@babel/runtime': '/Users/Arias/.openclaw/workspace/Monkey-site/node_modules/@babel/.runtime-GB7NATpp',
156 silly reify   '/Users/Arias/.openclaw/workspace/Monkey-site/node_modules/@img/sharp-darwin-x64': '/Users/Arias/.openclaw/workspace/Monkey-site/node_modules/@img/.sharp-darwin-x64-7u8HUkGy',
156 silly reify   '/Users/Arias/.openclaw/workspace/Monkey-site/node_modules/@img/sharp-libvips-darwin-x64': '/Users/Arias/.openclaw/workspace/Monkey-site/node_modules/@img/.sharp-libvips-darwin-x64-SBaTqVUU',
156 silly reify   '/Users/Arias/.openclaw/workspace/Monkey-site/node_modules/@img/sharp-libvips-linux-arm64': '/Users/Arias/.openclaw/workspace/Monkey-site/node_modules/@img/.sharp-libvips-linux-arm64-zNHNd2gr',
156 silly reify   '/Users/Arias/.openclaw/workspace/Monkey-site/node_modules/@img/sharp-libvips-linux-arm': '/Users/Arias/.openclaw/workspace/Monkey-site/node_modules/@img/.sharp-libvips-linux-arm-fsJH4VaW',
156 silly reify   '/Users/Arias/.openclaw/workspace/Monkey-site/node_modules/@img/sharp-libvips-linux-ppc64': '/Users/Arias/.openclaw/workspace/Monkey-site/node_modules/@img/.sharp-libvips-linux-ppc64-jBPayIgC',
156 silly reify   '/Users/Arias/.openclaw/workspace/Monkey-site/node_modules/@img/sharp-libvips-linux-riscv64': '/Users/Arias/.openclaw/workspace/Monkey-site/node_modules/@img/.sharp-libvips-linux-riscv64-tRJcqf5Q',
156 silly reify   '/Users/Arias/.openclaw/workspace/Monkey-site/node_modules/@img/sharp-libvips-linux-s390x': '/Users/Arias/.openclaw/workspace/Monkey-site/node_modules/@img/.sharp-libvips-linux-s390x-Xgq0sf0x',
156 silly reify   '/Users/Arias/.openclaw/workspace/Monkey-site/node_modules/@img/sharp-libvips-linux-x64': '/Users/Arias/.openclaw/workspace/Monkey-site/node_modules/@img/.sharp-libvips-linux-x64-goIm767R',
156 silly reify   '/Users/Arias/.openclaw/workspace/Monkey-site/node_modules/@img/sharp-libvips-linuxmusl-arm64': '/Users/Arias/.openclaw/workspace/Monkey-site/node_modules/@img/.sharp-libvips-linuxmusl-arm64-KEYK9thk',
156 silly reify   '/Users/Arias/.openclaw/workspace/Monkey-site/node_modules/@img/sharp-libvips-linuxmusl-x64': '/Users/Arias/.openclaw/workspace/Monkey-site/node_modules/@img/.sharp-libvips-linuxmusl-x64-Hyx9sYIx',
156 silly reify   '/Users/Arias/.openclaw/workspace/Monkey-site/node_modules/@img/sharp-linux-arm': '/Users/Arias/.openclaw/workspace/Monkey-site/node_modules/@img/.sharp-linux-arm-ceRmfLm2',
156 silly reify   '/Users/Arias/.openclaw/workspace/Monkey-site/node_modules/@img/sharp-linux-arm64': '/Users/Arias/.openclaw/workspace/Monkey-site/node_modules/@img/.sharp-linux-arm64-GnFzwRcn',
156 silly reify   '/Users/Arias/.openclaw/workspace/Monkey-site/node_modules/@img/sharp-linux-ppc64': '/Users/Arias/.openclaw/workspace/Monkey-site/node_modules/@img/.sharp-linux-ppc64-UlI6r9LG',
156 silly reify   '/Users/Arias/.openclaw/workspace/Monkey-site/node_modules/@img/sharp-linux-riscv64': '/Users/Arias/.openclaw/workspace/Monkey-site/node_modules/@img/.sharp-linux-riscv64-PLBENBRW',
156 silly reify   '/Users/Arias/.openclaw/workspace/Monkey-site/node_modules/@img/sharp-linux-s390x': '/Users/Arias/.openclaw/workspace/Monkey-site/node_modules/@img/.sharp-linux-s390x-HoJDpoeM',
156 silly reify   '/Users/Arias/.openclaw/workspace/Monkey-site/node_modules/@img/sharp-linux-x64': '/Users/Arias/.openclaw/workspace/Monkey-site/node_modules/@img/.sharp-linux-x64-DoEEPin9',
156 silly reify   '/Users/Arias/.openclaw/workspace/Monkey-site/node_modules/@img/sharp-linuxmusl-x64': '/Users/Arias/.openclaw/workspace/Monkey-site/node_modules/@img/.sharp-linuxmusl-x64-UOQTRsp7',
156 silly reify   '/Users/Arias/.openclaw/workspace/Monkey-site/node_modules/@img/sharp-linuxmusl-arm64': '/Users/Arias/.openclaw/workspace/Monkey-site/node_modules/@img/.sharp-linuxmusl-arm64-k42G5t93',
156 silly reify   '/Users/Arias/.openclaw/workspace/Monkey-site/node_modules/@img/sharp-wasm32': '/Users/Arias/.openclaw/workspace/Monkey-site/node_modules/@img/.sharp-wasm32-rpYAnNhM',
156 silly reify   '/Users/Arias/.openclaw/workspace/Monkey-site/node_modules/@img/sharp-win32-arm64': '/Users/Arias/.openclaw/workspace/Monkey-site/node_modules/@img/.sharp-win32-arm64-2pkYtzHA',
156 silly reify   '/Users/Arias/.openclaw/workspace/Monkey-site/node_modules/@img/sharp-win32-ia32': '/Users/Arias/.openclaw/workspace/Monkey-site/node_modules/@img/.sharp-win32-ia32-eAi1Mnho',
156 silly reify   '/Users/Arias/.openclaw/workspace/Monkey-site/node_modules/@img/sharp-win32-x64': '/Users/Arias/.openclaw/workspace/Monkey-site/node_modules/@img/.sharp-win32-x64-Jk0uoGu8',
156 silly reify   '/Users/Arias/.openclaw/workspace/Monkey-site/node_modules/@jridgewell/gen-mapping': '/Users/Arias/.openclaw/workspace/Monkey-site/node_modules/@jridgewell/.gen-mapping-xKFPkuNz',
156 silly reify   '/Users/Arias/.openclaw/workspace/Monkey-site/node_modules/@jridgewell/resolve-uri': '/Users/Arias/.openclaw/workspace/Monkey-site/node_modules/@jridgewell/.resolve-uri-msKHAyM6',
156 silly reify   '/Users/Arias/.openclaw/workspace/Monkey-site/node_modules/@jridgewell/set-array': '/Users/Arias/.openclaw/workspace/Monkey-site/node_modules/@jridgewell/.set-array-FA6Br54f',
156 silly reify   '/Users/Arias/.openclaw/workspace/Monkey-site/node_modules/@jridgewell/sourcemap-codec': '/Users/Arias/.openclaw/workspace/Monkey-site/node_modules/@jridgewell/.sourcemap-codec-7F6m2suQ',
156 silly reify   '/Users/Arias/.openclaw/workspace/Monkey-site/node_modules/@jridgewell/trace-mapping': '/Users/Arias/.openclaw/workspace/Monkey-site/node_modules/@jridgewell/.trace-mapping-xwKfqnRI',
156 silly reify   '/Users/Arias/.openclaw/workspace/Monkey-site/node_modules/@next/env': '/Users/Arias/.openclaw/workspace/Monkey-site/node_modules/@next/.env-i6Bgchpu',
156 silly reify   '/Users/Arias/.openclaw/workspace/Monkey-site/node_modules/@next/swc-darwin-x64': '/Users/Arias/.openclaw/workspace/Monkey-site/node_modules/@next/.swc-darwin-x64-pQITUpTw',
156 silly reify   '/Users/Arias/.openclaw/workspace/Monkey-site/node_modules/@next/swc-darwin-arm64': '/Users/Arias/.openclaw/workspace/Monkey-site/node_modules/@next/.swc-darwin-arm64-OV4pfPx9',
156 silly reify   '/Users/Arias/.openclaw/workspace/Monkey-site/node_modules/@next/swc-linux-arm64-gnu': '/Users/Arias/.openclaw/workspace/Monkey-site/node_modules/@next/.swc-linux-arm64-gnu-bcJnS8pQ',
156 silly reify   '/Users/Arias/.openclaw/workspace/Monkey-site/node_modules/@next/swc-linux-arm64-musl': '/Users/Arias/.openclaw/workspace/Monkey-site/node_modules/@next/.swc-linux-arm64-musl-lsqUdUOS',
156 silly reify   '/Users/Arias/.openclaw/workspace/Monkey-site/node_modules/@next/swc-linux-x64-gnu': '/Users/Arias/.openclaw/workspace/Monkey-site/node_modules/@next/.swc-linux-x64-gnu-wliBYcP8',
156 silly reify   '/Users/Arias/.openclaw/workspace/Monkey-site/node_modules/@next/swc-linux-x64-musl': '/Users/Arias/.openclaw/workspace/Monkey-site/node_modules/@next/.swc-linux-x64-musl-cdwJQGbk',
156 silly reify   '/Users/Arias/.openclaw/workspace/Monkey-site/node_modules/@next/swc-win32-arm64-msvc': '/Users/Arias/.openclaw/workspace/Monkey-site/node_modules/@next/.swc-win32-arm64-msvc-GXBOqdD7',
156 silly reify   '/Users/Arias/.openclaw/workspace/Monkey-site/node_modules/@next/swc-win32-x64-msvc': '/Users/Arias/.openclaw/workspace/Monkey-site/node_modules/@next/.swc-win32-x64-msvc-j9PdZItm',
156 silly reify   '/Users/Arias/.openclaw/workspace/Monkey-site/node_modules/@supabase/auth-js': '/Users/Arias/.openclaw/workspace/Monkey-site/node_modules/@supabase/.auth-js-ykBBVTZu',
156 silly reify   '/Users/Arias/.openclaw/workspace/Monkey-site/node_modules/@supabase/functions-js': '/Users/Arias/.openclaw/workspace/Monkey-site/node_modules/@supabase/.functions-js-vJSKx8WV',
156 silly reify   '/Users/Arias/.openclaw/workspace/Monkey-site/node_modules/@supabase/node-fetch': '/Users/Arias/.openclaw/workspace/Monkey-site/node_modules/@supabase/.node-fetch-l3vPGrXS',
156 silly reify   '/Users/Arias/.openclaw/workspace/Monkey-site/node_modules/@supabase/postgrest-js': '/Users/Arias/.openclaw/workspace/Monkey-site/node_modules/@supabase/.postgrest-js-tiWRZlds',
156 silly reify   '/Users/Arias/.openclaw/workspace/Monkey-site/node_modules/@supabase/realtime-js': '/Users/Arias/.openclaw/workspace/Monkey-site/node_modules/@supabase/.realtime-js-GdnBGd3B',
156 silly reify   '/Users/Arias/.openclaw/workspace/Monkey-site/node_modules/@supabase/storage-js': '/Users/Arias/.openclaw/workspace/Monkey-site/node_modules/@supabase/.storage-js-Mcczd7ce',
156 silly reify   '/Users/Arias/.openclaw/workspace/Monkey-site/node_modules/@supabase/supabase-js': '/Users/Arias/.openclaw/workspace/Monkey-site/node_modules/@supabase/.supabase-js-lI4WZxHC',
156 silly reify   '/Users/Arias/.openclaw/workspace/Monkey-site/node_modules/@swc/helpers': '/Users/Arias/.openclaw/workspace/Monkey-site/node_modules/@swc/.helpers-swJqQo3t',
156 silly reify   '/Users/Arias/.openclaw/workspace/Monkey-site/node_modules/@tailwindcss/node': '/Users/Arias/.openclaw/workspace/Monkey-site/node_modules/@tailwindcss/.node-ZQkNbAxl',
156 silly reify   '/Users/Arias/.openclaw/workspace/Monkey-site/node_modules/@tailwindcss/oxide-android-arm64': '/Users/Arias/.openclaw/workspace/Monkey-site/node_modules/@tailwindcss/.oxide-android-arm64-HP2WYpvD',
156 silly reify   '/Users/Arias/.openclaw/workspace/Monkey-site/node_modules/@tailwindcss/oxide': '/Users/Arias/.openclaw/workspace/Monkey-site/node_modules/@tailwindcss/.oxide-fz8Xpo2x',
156 silly reify   '/Users/Arias/.openclaw/workspace/Monkey-site/node_modules/@tailwindcss/oxide-darwin-arm64': '/Users/Arias/.openclaw/workspace/Monkey-site/node_modules/@tailwindcss/.oxide-darwin-arm64-Wc6OQbqm',
156 silly reify   '/Users/Arias/.openclaw/workspace/Monkey-site/node_modules/@tailwindcss/oxide-darwin-x64': '/Users/Arias/.openclaw/workspace/Monkey-site/node_modules/@tailwindcss/.oxide-darwin-x64-oJUN76W2',
156 silly reify   '/Users/Arias/.openclaw/workspace/Monkey-site/node_modules/@tailwindcss/oxide-freebsd-x64': '/Users/Arias/.openclaw/workspace/Monkey-site/node_modules/@tailwindcss/.oxide-freebsd-x64-SL4T2vgk',
156 silly reify   '/Users/Arias/.openclaw/workspace/Monkey-site/node_modules/@tailwindcss/oxide-linux-arm-gnueabihf': '/Users/Arias/.openclaw/workspace/Monkey-site/node_modules/@tailwindcss/.oxide-linux-arm-gnueabihf-gsj3mmQR',
156 silly reify   '/Users/Arias/.openclaw/workspace/Monkey-site/node_modules/@tailwindcss/oxide-linux-arm64-gnu': '/Users/Arias/.openclaw/workspace/Monkey-site/node_modules/@tailwindcss/.oxide-linux-arm64-gnu-O36PKz4e',
156 silly reify   '/Users/Arias/.openclaw/workspace/Monkey-site/node_modules/@tailwindcss/oxide-linux-arm64-musl': '/Users/Arias/.openclaw/workspace/Monkey-site/node_modules/@tailwindcss/.oxide-linux-arm64-musl-NcisG37w',
156 silly reify   '/Users/Arias/.openclaw/workspace/Monkey-site/node_modules/@tailwindcss/oxide-linux-x64-gnu': '/Users/Arias/.openclaw/workspace/Monkey-site/node_modules/@tailwindcss/.oxide-linux-x64-gnu-qGUGBDw8',
156 silly reify   '/Users/Arias/.openclaw/workspace/Monkey-site/node_modules/@tailwindcss/oxide-linux-x64-musl': '/Users/Arias/.openclaw/workspace/Monkey-site/node_modules/@tailwindcss/.oxide-linux-x64-musl-61HXobGa',
156 silly reify   '/Users/Arias/.openclaw/workspace/Monkey-site/node_modules/@tailwindcss/oxide-wasm32-wasi': '/Users/Arias/.openclaw/workspace/Monkey-site/node_modules/@tailwindcss/.oxide-wasm32-wasi-jZBRix4m',
156 silly reify   '/Users/Arias/.openclaw/workspace/Monkey-site/node_modules/@tailwindcss/oxide-win32-arm64-msvc': '/Users/Arias/.openclaw/workspace/Monkey-site/node_modules/@tailwindcss/.oxide-win32-arm64-msvc-QUW6QPOF',
156 silly reify   '/Users/Arias/.openclaw/workspace/Monkey-site/node_modules/@tailwindcss/oxide-win32-x64-msvc': '/Users/Arias/.openclaw/workspace/Monkey-site/node_modules/@tailwindcss/.oxide-win32-x64-msvc-gD3D7j82',
156 silly reify   '/Users/Arias/.openclaw/workspace/Monkey-site/node_modules/@tailwindcss/postcss': '/Users/Arias/.openclaw/workspace/Monkey-site/node_modules/@tailwindcss/.postcss-RIRb9KRe',
156 silly reify   '/Users/Arias/.openclaw/workspace/Monkey-site/node_modules/@types/d3-array': '/Users/Arias/.openclaw/workspace/Monkey-site/node_modules/@types/.d3-array-y90ta0GZ',
156 silly reify   '/Users/Arias/.openclaw/workspace/Monkey-site/node_modules/@types/d3-color': '/Users/Arias/.openclaw/workspace/Monkey-site/node_modules/@types/.d3-color-tnGV2NAt',
156 silly reify   '/Users/Arias/.openclaw/workspace/Monkey-site/node_modules/@types/d3-ease': '/Users/Arias/.openclaw/workspace/Monkey-site/node_modules/@types/.d3-ease-iA9NUEiQ',
156 silly reify   '/Users/Arias/.openclaw/workspace/Monkey-site/node_modules/@types/d3-interpolate': '/Users/Arias/.openclaw/workspace/Monkey-site/node_modules/@types/.d3-interpolate-vJcFpj7x',
156 silly reify   '/Users/Arias/.openclaw/workspace/Monkey-site/node_modules/@types/d3-scale': '/Users/Arias/.openclaw/workspace/Monkey-site/node_modules/@types/.d3-scale-ILmlCwNK',
156 silly reify   '/Users/Arias/.openclaw/workspace/Monkey-site/node_modules/@types/d3-path': '/Users/Arias/.openclaw/workspace/Monkey-site/node_modules/@types/.d3-path-SOq25pDn',
156 silly reify   '/Users/Arias/.openclaw/workspace/Monkey-site/node_modules/@types/d3-shape': '/Users/Arias/.openclaw/workspace/Monkey-site/node_modules/@types/.d3-shape-C92ZoJ1d',
156 silly reify   '/Users/Arias/.openclaw/workspace/Monkey-site/node_modules/@types/d3-time': '/Users/Arias/.openclaw/workspace/Monkey-site/node_modules/@types/.d3-time-jT6ccf2o',
156 silly reify   '/Users/Arias/.openclaw/workspace/Monkey-site/node_modules/@types/d3-timer': '/Users/Arias/.openclaw/workspace/Monkey-site/node_modules/@types/.d3-timer-ly4TdSUc',
156 silly reify   '/Users/Arias/.openclaw/workspace/Monkey-site/node_modules/@types/node': '/Users/Arias/.openclaw/workspace/Monkey-site/node_modules/@types/.node-r4hlaV8n',
156 silly reify   '/Users/Arias/.openclaw/workspace/Monkey-site/node_modules/@types/phoenix': '/Users/Arias/.openclaw/workspace/Monkey-site/node_modules/@types/.phoenix-tMHXbte5',
156 silly reify   '/Users/Arias/.openclaw/workspace/Monkey-site/node_modules/@types/react': '/Users/Arias/.openclaw/workspace/Monkey-site/node_modules/@types/.react-94WOD0s7',
156 silly reify   '/Users/Arias/.openclaw/workspace/Monkey-site/node_modules/@types/react-dom': '/Users/Arias/.openclaw/workspace/Monkey-site/node_modules/@types/.react-dom-aPPOtFoH'
156 silly reify }
157 silly reify mark deleted [
157 silly reify   '/Users/Arias/.openclaw/workspace/Monkey-site/node_modules/@alloc/quick-lru'
157 silly reify ]
158 silly reify mark deleted [
158 silly reify   '/Users/Arias/.openclaw/workspace/Monkey-site/node_modules/@ampproject/remapping'
158 silly reify ]
159 silly reify mark deleted [
159 silly reify   '/Users/Arias/.openclaw/workspace/Monkey-site/node_modules/@isaacs/fs-minipass'
159 silly reify ]
160 silly reify mark deleted [
160 silly reify   '/Users/Arias/.openclaw/workspace/Monkey-site/node_modules/@jridgewell/gen-mapping'
160 silly reify ]
161 silly reify mark deleted [
161 silly reify   '/Users/Arias/.openclaw/workspace/Monkey-site/node_modules/@jridgewell/resolve-uri'
161 silly reify ]
162 silly reify mark deleted [
162 silly reify   '/Users/Arias/.openclaw/workspace/Monkey-site/node_modules/@jridgewell/set-array'
162 silly reify ]
163 silly reify mark deleted [
163 silly reify   '/Users/Arias/.openclaw/workspace/Monkey-site/node_modules/@jridgewell/sourcemap-codec'
163 silly reify ]
164 silly reify mark deleted [
164 silly reify   '/Users/Arias/.openclaw/workspace/Monkey-site/node_modules/@jridgewell/trace-mapping'
164 silly reify ]
165 silly reify mark deleted [
165 silly reify   '/Users/Arias/.openclaw/workspace/Monkey-site/node_modules/@tailwindcss/node'
165 silly reify ]
166 silly reify mark deleted [
166 silly reify   '/Users/Arias/.openclaw/workspace/Monkey-site/node_modules/@tailwindcss/oxide'
166 silly reify ]
167 silly reify mark deleted [
167 silly reify   '/Users/Arias/.openclaw/workspace/Monkey-site/node_modules/@tailwindcss/oxide-android-arm64'
167 silly reify ]
168 silly reify mark deleted [
168 silly reify   '/Users/Arias/.openclaw/workspace/Monkey-site/node_modules/@tailwindcss/oxide-darwin-arm64'
168 silly reify ]
169 silly reify mark deleted [
169 silly reify   '/Users/Arias/.openclaw/workspace/Monkey-site/node_modules/@tailwindcss/oxide-darwin-x64'
169 silly reify ]
170 silly reify mark deleted [
170 silly reify   '/Users/Arias/.openclaw/workspace/Monkey-site/node_modules/@tailwindcss/oxide-freebsd-x64'
170 silly reify ]
171 silly reify mark deleted [
171 silly reify   '/Users/Arias/.openclaw/workspace/Monkey-site/node_modules/@tailwindcss/oxide-linux-arm-gnueabihf'
171 silly reify ]
172 silly reify mark deleted [
172 silly reify   '/Users/Arias/.openclaw/workspace/Monkey-site/node_modules/@tailwindcss/oxide-linux-arm64-gnu'
172 silly reify ]
173 silly reify mark deleted [
173 silly reify   '/Users/Arias/.openclaw/workspace/Monkey-site/node_modules/@tailwindcss/oxide-linux-arm64-musl'
173 silly reify ]
174 silly reify mark deleted [
174 silly reify   '/Users/Arias/.openclaw/workspace/Monkey-site/node_modules/@tailwindcss/oxide-linux-x64-gnu'
174 silly reify ]
175 silly reify mark deleted [
175 silly reify   '/Users/Arias/.openclaw/workspace/Monkey-site/node_modules/@tailwindcss/oxide-linux-x64-musl'
175 silly reify ]
176 silly reify mark deleted [
176 silly reify   '/Users/Arias/.openclaw/workspace/Monkey-site/node_modules/@tailwindcss/oxide-wasm32-wasi'
176 silly reify ]
177 silly reify mark deleted [
177 silly reify   '/Users/Arias/.openclaw/workspace/Monkey-site/node_modules/@tailwindcss/oxide-wasm32-wasi/node_modules/@emnapi/core'
177 silly reify ]
178 silly reify mark deleted [
178 silly reify   '/Users/Arias/.openclaw/workspace/Monkey-site/node_modules/@tailwindcss/oxide-wasm32-wasi/node_modules/@emnapi/runtime'
178 silly reify ]
179 silly reify mark deleted [
179 silly reify   '/Users/Arias/.openclaw/workspace/Monkey-site/node_modules/@tailwindcss/oxide-wasm32-wasi/node_modules/@emnapi/wasi-threads'
179 silly reify ]
180 silly reify mark deleted [
180 silly reify   '/Users/Arias/.openclaw/workspace/Monkey-site/node_modules/@tailwindcss/oxide-wasm32-wasi/node_modules/@napi-rs/wasm-runtime'
180 silly reify ]
181 silly reify mark deleted [
181 silly reify   '/Users/Arias/.openclaw/workspace/Monkey-site/node_modules/@tailwindcss/oxide-wasm32-wasi/node_modules/@tybys/wasm-util'
181 silly reify ]
182 silly reify mark deleted [
182 silly reify   '/Users/Arias/.openclaw/workspace/Monkey-site/node_modules/@tailwindcss/oxide-wasm32-wasi/node_modules/tslib'
182 silly reify ]
183 silly reify mark deleted [
183 silly reify   '/Users/Arias/.openclaw/workspace/Monkey-site/node_modules/@tailwindcss/oxide-win32-arm64-msvc'
183 silly reify ]
184 silly reify mark deleted [
184 silly reify   '/Users/Arias/.openclaw/workspace/Monkey-site/node_modules/@tailwindcss/oxide-win32-x64-msvc'
184 silly reify ]
185 silly reify mark deleted [
185 silly reify   '/Users/Arias/.openclaw/workspace/Monkey-site/node_modules/@tailwindcss/postcss'
185 silly reify ]
186 silly reify mark deleted [
186 silly reify   '/Users/Arias/.openclaw/workspace/Monkey-site/node_modules/@types/react'
186 silly reify ]
187 silly reify mark deleted [
187 silly reify   '/Users/Arias/.openclaw/workspace/Monkey-site/node_modules/@types/react-dom'
187 silly reify ]
188 silly reify mark deleted [
188 silly reify   '/Users/Arias/.openclaw/workspace/Monkey-site/node_modules/agent-base'
188 silly reify ]
189 silly reify mark deleted [
189 silly reify   '/Users/Arias/.openclaw/workspace/Monkey-site/node_modules/bin-links'
189 silly reify ]
190 silly reify mark deleted [ '/Users/Arias/.openclaw/workspace/Monkey-site/node_modules/chownr' ]
191 silly reify mark deleted [
191 silly reify   '/Users/Arias/.openclaw/workspace/Monkey-site/node_modules/cmd-shim'
191 silly reify ]
192 silly reify mark deleted [
192 silly reify   '/Users/Arias/.openclaw/workspace/Monkey-site/node_modules/data-uri-to-buffer'
192 silly reify ]
193 silly reify mark deleted [ '/Users/Arias/.openclaw/workspace/Monkey-site/node_modules/debug' ]
194 silly reify mark deleted [ '/Users/Arias/.openclaw/workspace/Monkey-site/node_modules/dotenv' ]
195 silly reify mark deleted [
195 silly reify   '/Users/Arias/.openclaw/workspace/Monkey-site/node_modules/enhanced-resolve'
195 silly reify ]
196 silly reify mark deleted [
196 silly reify   '/Users/Arias/.openclaw/workspace/Monkey-site/node_modules/fetch-blob'
196 silly reify ]
197 silly reify mark deleted [
197 silly reify   '/Users/Arias/.openclaw/workspace/Monkey-site/node_modules/formdata-polyfill'
197 silly reify ]
198 silly reify mark deleted [
198 silly reify   '/Users/Arias/.openclaw/workspace/Monkey-site/node_modules/graceful-fs'
198 silly reify ]
199 silly reify mark deleted [
199 silly reify   '/Users/Arias/.openclaw/workspace/Monkey-site/node_modules/https-proxy-agent'
199 silly reify ]
200 silly reify mark deleted [
200 silly reify   '/Users/Arias/.openclaw/workspace/Monkey-site/node_modules/imurmurhash'
200 silly reify ]
201 silly reify mark deleted [
201 silly reify   '/Users/Arias/.openclaw/workspace/Monkey-site/node_modules/jiti',
201 silly reify   '/Users/Arias/.openclaw/workspace/Monkey-site/node_modules/.bin/jiti'
201 silly reify ]
202 silly reify mark deleted [
202 silly reify   '/Users/Arias/.openclaw/workspace/Monkey-site/node_modules/lightningcss'
202 silly reify ]
203 silly reify mark deleted [
203 silly reify   '/Users/Arias/.openclaw/workspace/Monkey-site/node_modules/lightningcss-darwin-arm64'
203 silly reify ]
204 silly reify mark deleted [
204 silly reify   '/Users/Arias/.openclaw/workspace/Monkey-site/node_modules/lightningcss-darwin-x64'
204 silly reify ]
205 silly reify mark deleted [
205 silly reify   '/Users/Arias/.openclaw/workspace/Monkey-site/node_modules/lightningcss-freebsd-x64'
205 silly reify ]
206 silly reify mark deleted [
206 silly reify   '/Users/Arias/.openclaw/workspace/Monkey-site/node_modules/lightningcss-linux-arm-gnueabihf'
206 silly reify ]
207 silly reify mark deleted [
207 silly reify   '/Users/Arias/.openclaw/workspace/Monkey-site/node_modules/lightningcss-linux-arm64-gnu'
207 silly reify ]
208 silly reify mark deleted [
208 silly reify   '/Users/Arias/.openclaw/workspace/Monkey-site/node_modules/lightningcss-linux-arm64-musl'
208 silly reify ]
209 silly reify mark deleted [
209 silly reify   '/Users/Arias/.openclaw/workspace/Monkey-site/node_modules/lightningcss-linux-x64-gnu'
209 silly reify ]
210 silly reify mark deleted [
210 silly reify   '/Users/Arias/.openclaw/workspace/Monkey-site/node_modules/lightningcss-linux-x64-musl'
210 silly reify ]
211 silly reify mark deleted [
211 silly reify   '/Users/Arias/.openclaw/workspace/Monkey-site/node_modules/lightningcss-win32-arm64-msvc'
211 silly reify ]
212 silly reify mark deleted [
212 silly reify   '/Users/Arias/.openclaw/workspace/Monkey-site/node_modules/lightningcss-win32-x64-msvc'
212 silly reify ]
213 silly reify mark deleted [
213 silly reify   '/Users/Arias/.openclaw/workspace/Monkey-site/node_modules/magic-string'
213 silly reify ]
214 silly reify mark deleted [
214 silly reify   '/Users/Arias/.openclaw/workspace/Monkey-site/node_modules/minipass'
214 silly reify ]
215 silly reify mark deleted [
215 silly reify   '/Users/Arias/.openclaw/workspace/Monkey-site/node_modules/minizlib'
215 silly reify ]
216 silly reify mark deleted [ '/Users/Arias/.openclaw/workspace/Monkey-site/node_modules/ms' ]
217 silly reify mark deleted [
217 silly reify   '/Users/Arias/.openclaw/workspace/Monkey-site/node_modules/node-domexception'
217 silly reify ]
218 silly reify mark deleted [
218 silly reify   '/Users/Arias/.openclaw/workspace/Monkey-site/node_modules/node-fetch'
218 silly reify ]
219 silly reify mark deleted [
219 silly reify   '/Users/Arias/.openclaw/workspace/Monkey-site/node_modules/npm-normalize-package-bin'
219 silly reify ]
220 silly reify mark deleted [ '/Users/Arias/.openclaw/workspace/Monkey-site/node_modules/postcss' ]
221 silly reify mark deleted [
221 silly reify   '/Users/Arias/.openclaw/workspace/Monkey-site/node_modules/proc-log'
221 silly reify ]
222 silly reify mark deleted [
222 silly reify   '/Users/Arias/.openclaw/workspace/Monkey-site/node_modules/read-cmd-shim'
222 silly reify ]
223 silly reify mark deleted [
223 silly reify   '/Users/Arias/.openclaw/workspace/Monkey-site/node_modules/signal-exit'
223 silly reify ]
224 silly reify mark deleted [
224 silly reify   '/Users/Arias/.openclaw/workspace/Monkey-site/node_modules/supabase',
224 silly reify   '/Users/Arias/.openclaw/workspace/Monkey-site/node_modules/.bin/supabase'
224 silly reify ]
225 silly reify mark deleted [
225 silly reify   '/Users/Arias/.openclaw/workspace/Monkey-site/node_modules/supabase/node_modules/tar'
225 silly reify ]
226 silly reify mark deleted [
226 silly reify   '/Users/Arias/.openclaw/workspace/Monkey-site/node_modules/tailwindcss'
226 silly reify ]
227 silly reify mark deleted [ '/Users/Arias/.openclaw/workspace/Monkey-site/node_modules/tapable' ]
228 silly reify mark deleted [ '/Users/Arias/.openclaw/workspace/Monkey-site/node_modules/tar' ]
229 silly reify mark deleted [
229 silly reify   '/Users/Arias/.openclaw/workspace/Monkey-site/node_modules/typescript',
229 silly reify   '/Users/Arias/.openclaw/workspace/Monkey-site/node_modules/.bin/tsc',
229 silly reify   '/Users/Arias/.openclaw/workspace/Monkey-site/node_modules/.bin/tsserver'
229 silly reify ]
230 silly reify mark deleted [
230 silly reify   '/Users/Arias/.openclaw/workspace/Monkey-site/node_modules/web-streams-polyfill'
230 silly reify ]
231 silly reify mark deleted [
231 silly reify   '/Users/Arias/.openclaw/workspace/Monkey-site/node_modules/write-file-atomic'
231 silly reify ]
232 silly reify mark deleted [ '/Users/Arias/.openclaw/workspace/Monkey-site/node_modules/yallist' ]
233 silly audit bulk request {
233 silly audit   '@babel/runtime': [ '7.27.6' ],
233 silly audit   '@emnapi/runtime': [ '1.8.1' ],
233 silly audit   '@img/colour': [ '1.0.0' ],
233 silly audit   '@img/sharp-darwin-arm64': [ '0.34.5' ],
233 silly audit   '@img/sharp-darwin-x64': [ '0.34.5' ],
233 silly audit   '@img/sharp-libvips-darwin-arm64': [ '1.2.4' ],
233 silly audit   '@img/sharp-libvips-darwin-x64': [ '1.2.4' ],
233 silly audit   '@img/sharp-libvips-linux-arm': [ '1.2.4' ],
233 silly audit   '@img/sharp-libvips-linux-arm64': [ '1.2.4' ],
233 silly audit   '@img/sharp-libvips-linux-ppc64': [ '1.2.4' ],
233 silly audit   '@img/sharp-libvips-linux-riscv64': [ '1.2.4' ],
233 silly audit   '@img/sharp-libvips-linux-s390x': [ '1.2.4' ],
233 silly audit   '@img/sharp-libvips-linux-x64': [ '1.2.4' ],
233 silly audit   '@img/sharp-libvips-linuxmusl-arm64': [ '1.2.4' ],
233 silly audit   '@img/sharp-libvips-linuxmusl-x64': [ '1.2.4' ],
233 silly audit   '@img/sharp-linux-arm': [ '0.34.5' ],
233 silly audit   '@img/sharp-linux-arm64': [ '0.34.5' ],
233 silly audit   '@img/sharp-linux-ppc64': [ '0.34.5' ],
233 silly audit   '@img/sharp-linux-riscv64': [ '0.34.5' ],
233 silly audit   '@img/sharp-linux-s390x': [ '0.34.5' ],
233 silly audit   '@img/sharp-linux-x64': [ '0.34.5' ],
233 silly audit   '@img/sharp-linuxmusl-arm64': [ '0.34.5' ],
233 silly audit   '@img/sharp-linuxmusl-x64': [ '0.34.5' ],
233 silly audit   '@img/sharp-wasm32': [ '0.34.5' ],
233 silly audit   '@img/sharp-win32-arm64': [ '0.34.5' ],
233 silly audit   '@img/sharp-win32-ia32': [ '0.34.5' ],
233 silly audit   '@img/sharp-win32-x64': [ '0.34.5' ],
233 silly audit   '@next/env': [ '15.5.9' ],
233 silly audit   '@next/swc-darwin-arm64': [ '15.5.7' ],
233 silly audit   '@next/swc-darwin-x64': [ '15.5.7' ],
233 silly audit   '@next/swc-linux-arm64-gnu': [ '15.5.7' ],
233 silly audit   '@next/swc-linux-arm64-musl': [ '15.5.7' ],
233 silly audit   '@next/swc-linux-x64-gnu': [ '15.5.7' ],
233 silly audit   '@next/swc-linux-x64-musl': [ '15.5.7' ],
233 silly audit   '@next/swc-win32-arm64-msvc': [ '15.5.7' ],
233 silly audit   '@next/swc-win32-x64-msvc': [ '15.5.7' ],
233 silly audit   '@supabase/auth-js': [ '2.70.0' ],
233 silly audit   '@supabase/functions-js': [ '2.4.4' ],
233 silly audit   '@supabase/node-fetch': [ '2.6.15' ],
233 silly audit   '@supabase/postgrest-js': [ '1.19.4' ],
233 silly audit   '@supabase/realtime-js': [ '2.11.10' ],
233 silly audit   '@supabase/storage-js': [ '2.7.1' ],
233 silly audit   '@supabase/supabase-js': [ '2.50.0' ],
233 silly audit   '@swc/helpers': [ '0.5.15' ],
233 silly audit   tslib: [ '2.8.1' ],
233 silly audit   '@types/d3-array': [ '3.2.1' ],
233 silly audit   '@types/d3-color': [ '3.1.3' ],
233 silly audit   '@types/d3-ease': [ '3.0.2' ],
233 silly audit   '@types/d3-interpolate': [ '3.0.4' ],
233 silly audit   '@types/d3-path': [ '3.1.1' ],
233 silly audit   '@types/d3-scale': [ '4.0.9' ],
233 silly audit   '@types/d3-shape': [ '3.1.7' ],
233 silly audit   '@types/d3-time': [ '3.0.4' ],
233 silly audit   '@types/d3-timer': [ '3.0.2' ],
233 silly audit   '@types/node': [ '20.19.0' ],
233 silly audit   '@types/phoenix': [ '1.6.6' ],
233 silly audit   '@types/ws': [ '8.18.1' ],
233 silly audit   'caniuse-lite': [ '1.0.30001721' ],
233 silly audit   'client-only': [ '0.0.1' ],
233 silly audit   clsx: [ '2.1.1' ],
233 silly audit   csstype: [ '3.1.3' ],
233 silly audit   'd3-array': [ '3.2.4' ],
233 silly audit   'd3-color': [ '3.1.0' ],
233 silly audit   'd3-ease': [ '3.0.1' ],
233 silly audit   'd3-format': [ '3.1.0' ],
233 silly audit   'd3-interpolate': [ '3.0.1' ],
233 silly audit   'd3-path': [ '3.1.0' ],
233 silly audit   'd3-scale': [ '4.0.2' ],
233 silly audit   'd3-shape': [ '3.2.0' ],
233 silly audit   'd3-time': [ '3.1.0' ],
233 silly audit   'd3-time-format': [ '4.1.0' ],
233 silly audit   'd3-timer': [ '3.0.1' ],
233 silly audit   'decimal.js-light': [ '2.5.1' ],
233 silly audit   'detect-libc': [ '2.1.2' ],
233 silly audit   'dom-helpers': [ '5.2.1' ],
233 silly audit   eventemitter3: [ '4.0.7' ],
233 silly audit   'fast-equals': [ '5.2.2' ],
233 silly audit   internmap: [ '2.0.3' ],
233 silly audit   'js-tokens': [ '4.0.0' ],
233 silly audit   lodash: [ '4.17.23' ],
233 silly audit   'loose-envify': [ '1.4.0' ],
233 silly audit   'lucide-react': [ '0.517.0' ],
233 silly audit   nanoid: [ '3.3.11' ],
233 silly audit   next: [ '15.5.9' ],
233 silly audit   postcss: [ '8.4.31' ],
233 silly audit   'object-assign': [ '4.1.1' ],
233 silly audit   picocolors: [ '1.1.1' ],
233 silly audit   'prop-types': [ '15.8.1' ],
233 silly audit   'react-is': [ '16.13.1', '18.3.1' ],
233 silly audit   react: [ '19.1.0' ],
233 silly audit   'react-dom': [ '19.1.0' ],
233 silly audit   'react-smooth': [ '4.0.4' ],
233 silly audit   'react-transition-group': [ '4.4.5' ],
233 silly audit   recharts: [ '2.15.3' ],
233 silly audit   'recharts-scale': [ '0.4.5' ],
233 silly audit   scheduler: [ '0.26.0' ],
233 silly audit   semver: [ '7.7.3' ],
233 silly audit   sharp: [ '0.34.5' ],
233 silly audit   'source-map-js': [ '1.2.1' ],
233 silly audit   'styled-jsx': [ '5.1.6' ],
233 silly audit   'tiny-invariant': [ '1.3.3' ],
233 silly audit   tr46: [ '0.0.3' ],
233 silly audit   'undici-types': [ '6.21.0' ],
233 silly audit   'victory-vendor': [ '36.9.2' ],
233 silly audit   'webidl-conversions': [ '3.0.1' ],
233 silly audit   'whatwg-url': [ '5.0.0' ],
233 silly audit   ws: [ '8.18.2' ]
233 silly audit }
234 verbose reify failed optional dependency /Users/Arias/.openclaw/workspace/Monkey-site/node_modules/@next/swc-win32-x64-msvc
235 silly reify mark deleted [
235 silly reify   '/Users/Arias/.openclaw/workspace/Monkey-site/node_modules/@next/swc-win32-x64-msvc'
235 silly reify ]
236 verbose reify failed optional dependency /Users/Arias/.openclaw/workspace/Monkey-site/node_modules/@next/swc-win32-arm64-msvc
237 silly reify mark deleted [
237 silly reify   '/Users/Arias/.openclaw/workspace/Monkey-site/node_modules/@next/swc-win32-arm64-msvc'
237 silly reify ]
238 verbose reify failed optional dependency /Users/Arias/.openclaw/workspace/Monkey-site/node_modules/@next/swc-linux-x64-musl
239 silly reify mark deleted [
239 silly reify   '/Users/Arias/.openclaw/workspace/Monkey-site/node_modules/@next/swc-linux-x64-musl'
239 silly reify ]
240 verbose reify failed optional dependency /Users/Arias/.openclaw/workspace/Monkey-site/node_modules/@next/swc-linux-x64-gnu
241 silly reify mark deleted [
241 silly reify   '/Users/Arias/.openclaw/workspace/Monkey-site/node_modules/@next/swc-linux-x64-gnu'
241 silly reify ]
242 verbose reify failed optional dependency /Users/Arias/.openclaw/workspace/Monkey-site/node_modules/@next/swc-linux-arm64-musl
243 silly reify mark deleted [
243 silly reify   '/Users/Arias/.openclaw/workspace/Monkey-site/node_modules/@next/swc-linux-arm64-musl'
243 silly reify ]
244 verbose reify failed optional dependency /Users/Arias/.openclaw/workspace/Monkey-site/node_modules/@next/swc-linux-arm64-gnu
245 silly reify mark deleted [
245 silly reify   '/Users/Arias/.openclaw/workspace/Monkey-site/node_modules/@next/swc-linux-arm64-gnu'
245 silly reify ]
246 verbose reify failed optional dependency /Users/Arias/.openclaw/workspace/Monkey-site/node_modules/@next/swc-darwin-x64
247 silly reify mark deleted [
247 silly reify   '/Users/Arias/.openclaw/workspace/Monkey-site/node_modules/@next/swc-darwin-x64'
247 silly reify ]
248 verbose reify failed optional dependency /Users/Arias/.openclaw/workspace/Monkey-site/node_modules/@img/sharp-win32-x64
249 silly reify mark deleted [
249 silly reify   '/Users/Arias/.openclaw/workspace/Monkey-site/node_modules/@img/sharp-win32-x64'
249 silly reify ]
250 verbose reify failed optional dependency /Users/Arias/.openclaw/workspace/Monkey-site/node_modules/@img/sharp-win32-ia32
251 silly reify mark deleted [
251 silly reify   '/Users/Arias/.openclaw/workspace/Monkey-site/node_modules/@img/sharp-win32-ia32'
251 silly reify ]
252 verbose reify failed optional dependency /Users/Arias/.openclaw/workspace/Monkey-site/node_modules/@img/sharp-win32-arm64
253 silly reify mark deleted [
253 silly reify   '/Users/Arias/.openclaw/workspace/Monkey-site/node_modules/@img/sharp-win32-arm64'
253 silly reify ]
254 verbose reify failed optional dependency /Users/Arias/.openclaw/workspace/Monkey-site/node_modules/@img/sharp-wasm32
255 silly reify mark deleted [
255 silly reify   '/Users/Arias/.openclaw/workspace/Monkey-site/node_modules/@img/sharp-wasm32'
255 silly reify ]
256 verbose reify failed optional dependency /Users/Arias/.openclaw/workspace/Monkey-site/node_modules/@emnapi/runtime
257 silly reify mark deleted [
257 silly reify   '/Users/Arias/.openclaw/workspace/Monkey-site/node_modules/@emnapi/runtime'
257 silly reify ]
258 verbose reify failed optional dependency /Users/Arias/.openclaw/workspace/Monkey-site/node_modules/@img/sharp-linuxmusl-arm64
259 silly reify mark deleted [
259 silly reify   '/Users/Arias/.openclaw/workspace/Monkey-site/node_modules/@img/sharp-linuxmusl-arm64'
259 silly reify ]
260 verbose reify failed optional dependency /Users/Arias/.openclaw/workspace/Monkey-site/node_modules/@img/sharp-linuxmusl-x64
261 silly reify mark deleted [
261 silly reify   '/Users/Arias/.openclaw/workspace/Monkey-site/node_modules/@img/sharp-linuxmusl-x64'
261 silly reify ]
262 verbose reify failed optional dependency /Users/Arias/.openclaw/workspace/Monkey-site/node_modules/@img/sharp-linux-x64
263 silly reify mark deleted [
263 silly reify   '/Users/Arias/.openclaw/workspace/Monkey-site/node_modules/@img/sharp-linux-x64'
263 silly reify ]
264 verbose reify failed optional dependency /Users/Arias/.openclaw/workspace/Monkey-site/node_modules/@img/sharp-linux-s390x
265 silly reify mark deleted [
265 silly reify   '/Users/Arias/.openclaw/workspace/Monkey-site/node_modules/@img/sharp-linux-s390x'
265 silly reify ]
266 verbose reify failed optional dependency /Users/Arias/.openclaw/workspace/Monkey-site/node_modules/@img/sharp-linux-riscv64
267 silly reify mark deleted [
267 silly reify   '/Users/Arias/.openclaw/workspace/Monkey-site/node_modules/@img/sharp-linux-riscv64'
267 silly reify ]
268 verbose reify failed optional dependency /Users/Arias/.openclaw/workspace/Monkey-site/node_modules/@img/sharp-linux-ppc64
269 silly reify mark deleted [
269 silly reify   '/Users/Arias/.openclaw/workspace/Monkey-site/node_modules/@img/sharp-linux-ppc64'
269 silly reify ]
270 verbose reify failed optional dependency /Users/Arias/.openclaw/workspace/Monkey-site/node_modules/@img/sharp-linux-arm64
271 silly reify mark deleted [
271 silly reify   '/Users/Arias/.openclaw/workspace/Monkey-site/node_modules/@img/sharp-linux-arm64'
271 silly reify ]
272 verbose reify failed optional dependency /Users/Arias/.openclaw/workspace/Monkey-site/node_modules/@img/sharp-linux-arm
273 silly reify mark deleted [
273 silly reify   '/Users/Arias/.openclaw/workspace/Monkey-site/node_modules/@img/sharp-linux-arm'
273 silly reify ]
274 verbose reify failed optional dependency /Users/Arias/.openclaw/workspace/Monkey-site/node_modules/@img/sharp-libvips-linuxmusl-x64
275 silly reify mark deleted [
275 silly reify   '/Users/Arias/.openclaw/workspace/Monkey-site/node_modules/@img/sharp-libvips-linuxmusl-x64'
275 silly reify ]
276 verbose reify failed optional dependency /Users/Arias/.openclaw/workspace/Monkey-site/node_modules/@img/sharp-libvips-linuxmusl-arm64
277 silly reify mark deleted [
277 silly reify   '/Users/Arias/.openclaw/workspace/Monkey-site/node_modules/@img/sharp-libvips-linuxmusl-arm64'
277 silly reify ]
278 verbose reify failed optional dependency /Users/Arias/.openclaw/workspace/Monkey-site/node_modules/@img/sharp-libvips-linux-x64
279 silly reify mark deleted [
279 silly reify   '/Users/Arias/.openclaw/workspace/Monkey-site/node_modules/@img/sharp-libvips-linux-x64'
279 silly reify ]
280 verbose reify failed optional dependency /Users/Arias/.openclaw/workspace/Monkey-site/node_modules/@img/sharp-libvips-linux-s390x
281 silly reify mark deleted [
281 silly reify   '/Users/Arias/.openclaw/workspace/Monkey-site/node_modules/@img/sharp-libvips-linux-s390x'
281 silly reify ]
282 verbose reify failed optional dependency /Users/Arias/.openclaw/workspace/Monkey-site/node_modules/@img/sharp-libvips-linux-riscv64
283 silly reify mark deleted [
283 silly reify   '/Users/Arias/.openclaw/workspace/Monkey-site/node_modules/@img/sharp-libvips-linux-riscv64'
283 silly reify ]
284 verbose reify failed optional dependency /Users/Arias/.openclaw/workspace/Monkey-site/node_modules/@img/sharp-libvips-linux-ppc64
285 silly reify mark deleted [
285 silly reify   '/Users/Arias/.openclaw/workspace/Monkey-site/node_modules/@img/sharp-libvips-linux-ppc64'
285 silly reify ]
286 verbose reify failed optional dependency /Users/Arias/.openclaw/workspace/Monkey-site/node_modules/@img/sharp-libvips-linux-arm
287 silly reify mark deleted [
287 silly reify   '/Users/Arias/.openclaw/workspace/Monkey-site/node_modules/@img/sharp-libvips-linux-arm'
287 silly reify ]
288 verbose reify failed optional dependency /Users/Arias/.openclaw/workspace/Monkey-site/node_modules/@img/sharp-libvips-linux-arm64
289 silly reify mark deleted [
289 silly reify   '/Users/Arias/.openclaw/workspace/Monkey-site/node_modules/@img/sharp-libvips-linux-arm64'
289 silly reify ]
290 verbose reify failed optional dependency /Users/Arias/.openclaw/workspace/Monkey-site/node_modules/@img/sharp-libvips-darwin-x64
291 silly reify mark deleted [
291 silly reify   '/Users/Arias/.openclaw/workspace/Monkey-site/node_modules/@img/sharp-libvips-darwin-x64'
291 silly reify ]
292 verbose reify failed optional dependency /Users/Arias/.openclaw/workspace/Monkey-site/node_modules/@img/sharp-darwin-x64
293 silly reify mark deleted [
293 silly reify   '/Users/Arias/.openclaw/workspace/Monkey-site/node_modules/@img/sharp-darwin-x64'
293 silly reify ]
294 silly audit bulk request failed undefined
295 http cache prop-types@https://registry.npmjs.org/prop-types/-/prop-types-15.8.1.tgz 0ms (cache hit)
296 http cache next@https://registry.npmjs.org/next/-/next-15.5.9.tgz 0ms (cache hit)
297 http cache @types/phoenix@https://registry.npmjs.org/@types/phoenix/-/phoenix-1.6.6.tgz 0ms (cache hit)
298 http cache @types/d3-timer@https://registry.npmjs.org/@types/d3-timer/-/d3-timer-3.0.2.tgz 0ms (cache hit)
299 http cache @types/d3-shape@https://registry.npmjs.org/@types/d3-shape/-/d3-shape-3.1.7.tgz 0ms (cache hit)
300 http cache @types/d3-time@https://registry.npmjs.org/@types/d3-time/-/d3-time-3.0.4.tgz 0ms (cache hit)
301 http cache @types/d3-path@https://registry.npmjs.org/@types/d3-path/-/d3-path-3.1.1.tgz 0ms (cache hit)
302 http cache @types/d3-scale@https://registry.npmjs.org/@types/d3-scale/-/d3-scale-4.0.9.tgz 0ms (cache hit)
303 http cache @types/d3-interpolate@https://registry.npmjs.org/@types/d3-interpolate/-/d3-interpolate-3.0.4.tgz 0ms (cache hit)
304 http cache @types/d3-ease@https://registry.npmjs.org/@types/d3-ease/-/d3-ease-3.0.2.tgz 0ms (cache hit)
305 http cache @types/d3-color@https://registry.npmjs.org/@types/d3-color/-/d3-color-3.1.3.tgz 0ms (cache hit)
306 http cache @types/d3-array@https://registry.npmjs.org/@types/d3-array/-/d3-array-3.2.1.tgz 0ms (cache hit)
307 http cache @swc/helpers@https://registry.npmjs.org/@swc/helpers/-/helpers-0.5.15.tgz 0ms (cache hit)
308 http cache @supabase/supabase-js@https://registry.npmjs.org/@supabase/supabase-js/-/supabase-js-2.50.0.tgz 0ms (cache hit)
309 http cache @types/node@https://registry.npmjs.org/@types/node/-/node-20.19.0.tgz 0ms (cache hit)
310 http cache @supabase/realtime-js@https://registry.npmjs.org/@supabase/realtime-js/-/realtime-js-2.11.10.tgz 0ms (cache hit)
311 http cache @supabase/functions-js@https://registry.npmjs.org/@supabase/functions-js/-/functions-js-2.4.4.tgz 0ms (cache hit)
312 http cache @supabase/node-fetch@https://registry.npmjs.org/@supabase/node-fetch/-/node-fetch-2.6.15.tgz 0ms (cache hit)
313 http cache @supabase/postgrest-js@https://registry.npmjs.org/@supabase/postgrest-js/-/postgrest-js-1.19.4.tgz 0ms (cache hit)
314 http cache @supabase/auth-js@https://registry.npmjs.org/@supabase/auth-js/-/auth-js-2.70.0.tgz 0ms (cache hit)
315 http cache ws@https://registry.npmjs.org/ws/-/ws-8.18.2.tgz 0ms (cache hit)
316 http cache @next/swc-darwin-arm64@https://registry.npmjs.org/@next/swc-darwin-arm64/-/swc-darwin-arm64-15.5.7.tgz 0ms (cache hit)
317 http cache @babel/runtime@https://registry.npmjs.org/@babel/runtime/-/runtime-7.27.6.tgz 0ms (cache hit)
318 http cache victory-vendor@https://registry.npmjs.org/victory-vendor/-/victory-vendor-36.9.2.tgz 0ms (cache hit)
319 http cache @next/env@https://registry.npmjs.org/@next/env/-/env-15.5.9.tgz 0ms (cache hit)
320 http cache undici-types@https://registry.npmjs.org/undici-types/-/undici-types-6.21.0.tgz 0ms (cache hit)
321 http cache styled-jsx@https://registry.npmjs.org/styled-jsx/-/styled-jsx-5.1.6.tgz 0ms (cache hit)
322 http cache tiny-invariant@https://registry.npmjs.org/tiny-invariant/-/tiny-invariant-1.3.3.tgz 0ms (cache hit)
323 http cache semver@https://registry.npmjs.org/semver/-/semver-7.7.3.tgz 0ms (cache hit)
324 http cache scheduler@https://registry.npmjs.org/scheduler/-/scheduler-0.26.0.tgz 0ms (cache hit)
325 http cache recharts-scale@https://registry.npmjs.org/recharts-scale/-/recharts-scale-0.4.5.tgz 0ms (cache hit)
326 http cache recharts@https://registry.npmjs.org/recharts/-/recharts-2.15.3.tgz 0ms (cache hit)
327 http cache source-map-js@https://registry.npmjs.org/source-map-js/-/source-map-js-1.2.1.tgz 0ms (cache hit)
328 http cache react-transition-group@https://registry.npmjs.org/react-transition-group/-/react-transition-group-4.4.5.tgz 0ms (cache hit)
329 http cache react-smooth@https://registry.npmjs.org/react-smooth/-/react-smooth-4.0.4.tgz 0ms (cache hit)
330 http cache react-is@https://registry.npmjs.org/react-is/-/react-is-18.3.1.tgz 0ms (cache hit)
331 http cache react@https://registry.npmjs.org/react/-/react-19.1.0.tgz 0ms (cache hit)
332 http cache react-dom@https://registry.npmjs.org/react-dom/-/react-dom-19.1.0.tgz 0ms (cache hit)
333 http cache loose-envify@https://registry.npmjs.org/loose-envify/-/loose-envify-1.4.0.tgz 0ms (cache hit)
334 http cache nanoid@https://registry.npmjs.org/nanoid/-/nanoid-3.3.11.tgz 0ms (cache hit)
335 http cache lodash@https://registry.npmjs.org/lodash/-/lodash-4.17.23.tgz 0ms (cache hit)
336 http cache lucide-react@https://registry.npmjs.org/lucide-react/-/lucide-react-0.517.0.tgz 0ms (cache hit)
337 http cache js-tokens@https://registry.npmjs.org/js-tokens/-/js-tokens-4.0.0.tgz 0ms (cache hit)
338 http cache internmap@https://registry.npmjs.org/internmap/-/internmap-2.0.3.tgz 0ms (cache hit)
339 http cache fast-equals@https://registry.npmjs.org/fast-equals/-/fast-equals-5.2.2.tgz 0ms (cache hit)
340 http cache d3-timer@https://registry.npmjs.org/d3-timer/-/d3-timer-3.0.1.tgz 0ms (cache hit)
341 http cache decimal.js-light@https://registry.npmjs.org/decimal.js-light/-/decimal.js-light-2.5.1.tgz 0ms (cache hit)
342 http cache @supabase/storage-js@https://registry.npmjs.org/@supabase/storage-js/-/storage-js-2.7.1.tgz 0ms (cache hit)
343 http cache dom-helpers@https://registry.npmjs.org/dom-helpers/-/dom-helpers-5.2.1.tgz 0ms (cache hit)
344 http cache d3-time-format@https://registry.npmjs.org/d3-time-format/-/d3-time-format-4.1.0.tgz 0ms (cache hit)
345 http cache d3-scale@https://registry.npmjs.org/d3-scale/-/d3-scale-4.0.2.tgz 0ms (cache hit)
346 http cache d3-path@https://registry.npmjs.org/d3-path/-/d3-path-3.1.0.tgz 0ms (cache hit)
347 http cache d3-shape@https://registry.npmjs.org/d3-shape/-/d3-shape-3.2.0.tgz 0ms (cache hit)
348 http cache d3-interpolate@https://registry.npmjs.org/d3-interpolate/-/d3-interpolate-3.0.1.tgz 0ms (cache hit)
349 http cache d3-time@https://registry.npmjs.org/d3-time/-/d3-time-3.1.0.tgz 0ms (cache hit)
350 http cache d3-color@https://registry.npmjs.org/d3-color/-/d3-color-3.1.0.tgz 0ms (cache hit)
351 http cache csstype@https://registry.npmjs.org/csstype/-/csstype-3.1.3.tgz 0ms (cache hit)
352 http cache d3-array@https://registry.npmjs.org/d3-array/-/d3-array-3.2.4.tgz 0ms (cache hit)
353 http cache d3-ease@https://registry.npmjs.org/d3-ease/-/d3-ease-3.0.1.tgz 0ms (cache hit)
354 http cache clsx@https://registry.npmjs.org/clsx/-/clsx-2.1.1.tgz 0ms (cache hit)
355 http cache d3-format@https://registry.npmjs.org/d3-format/-/d3-format-3.1.0.tgz 0ms (cache hit)
356 http cache caniuse-lite@https://registry.npmjs.org/caniuse-lite/-/caniuse-lite-1.0.30001721.tgz 0ms (cache hit)
357 http cache client-only@https://registry.npmjs.org/client-only/-/client-only-0.0.1.tgz 0ms (cache hit)
358 http cache react-is@https://registry.npmjs.org/react-is/-/react-is-16.13.1.tgz 0ms (cache hit)
359 http cache postcss@https://registry.npmjs.org/postcss/-/postcss-8.4.31.tgz 0ms (cache hit)
360 verbose audit error FetchError: request to https://registry.npmjs.org/-/npm/v1/security/audits/quick failed, reason: getaddrinfo ENOTFOUND registry.npmjs.org
360 verbose audit error     at ClientRequest.<anonymous> (/Users/Arias/.nvm/versions/node/v22.22.0/lib/node_modules/npm/node_modules/minipass-fetch/lib/index.js:130:14)
360 verbose audit error     at ClientRequest.emit (node:events:519:28)
360 verbose audit error     at emitErrorEvent (node:_http_client:107:11)
360 verbose audit error     at _destroy (node:_http_client:954:9)
360 verbose audit error     at onSocketNT (node:_http_client:974:5)
360 verbose audit error     at process.processTicksAndRejections (node:internal/process/task_queues:91:21) {
360 verbose audit error   code: 'ENOTFOUND',
360 verbose audit error   errno: 'ENOTFOUND',
360 verbose audit error   syscall: 'getaddrinfo',
360 verbose audit error   hostname: 'registry.npmjs.org',
360 verbose audit error   type: 'system'
360 verbose audit error }
361 silly audit error undefined
362 silly audit report null
363 silly tarball no local data for prop-types@https://registry.npmjs.org/prop-types/-/prop-types-15.8.1.tgz. Extracting by manifest.
364 silly tarball no local data for next@https://registry.npmjs.org/next/-/next-15.5.9.tgz. Extracting by manifest.
365 silly tarball no local data for @types/phoenix@https://registry.npmjs.org/@types/phoenix/-/phoenix-1.6.6.tgz. Extracting by manifest.
366 silly tarball no local data for @types/d3-timer@https://registry.npmjs.org/@types/d3-timer/-/d3-timer-3.0.2.tgz. Extracting by manifest.
367 silly tarball no local data for @types/d3-shape@https://registry.npmjs.org/@types/d3-shape/-/d3-shape-3.1.7.tgz. Extracting by manifest.
368 silly tarball no local data for @types/d3-time@https://registry.npmjs.org/@types/d3-time/-/d3-time-3.0.4.tgz. Extracting by manifest.
369 silly tarball no local data for @types/d3-path@https://registry.npmjs.org/@types/d3-path/-/d3-path-3.1.1.tgz. Extracting by manifest.
370 silly tarball no local data for @types/d3-scale@https://registry.npmjs.org/@types/d3-scale/-/d3-scale-4.0.9.tgz. Extracting by manifest.
371 silly tarball no local data for @types/d3-interpolate@https://registry.npmjs.org/@types/d3-interpolate/-/d3-interpolate-3.0.4.tgz. Extracting by manifest.
372 silly tarball no local data for @types/d3-ease@https://registry.npmjs.org/@types/d3-ease/-/d3-ease-3.0.2.tgz. Extracting by manifest.
373 silly tarball no local data for @types/d3-color@https://registry.npmjs.org/@types/d3-color/-/d3-color-3.1.3.tgz. Extracting by manifest.
374 silly tarball no local data for @types/d3-array@https://registry.npmjs.org/@types/d3-array/-/d3-array-3.2.1.tgz. Extracting by manifest.
375 silly tarball no local data for @swc/helpers@https://registry.npmjs.org/@swc/helpers/-/helpers-0.5.15.tgz. Extracting by manifest.
376 silly tarball no local data for @supabase/supabase-js@https://registry.npmjs.org/@supabase/supabase-js/-/supabase-js-2.50.0.tgz. Extracting by manifest.
377 silly tarball no local data for @types/node@https://registry.npmjs.org/@types/node/-/node-20.19.0.tgz. Extracting by manifest.
378 silly tarball no local data for @supabase/realtime-js@https://registry.npmjs.org/@supabase/realtime-js/-/realtime-js-2.11.10.tgz. Extracting by manifest.
379 silly tarball no local data for @supabase/functions-js@https://registry.npmjs.org/@supabase/functions-js/-/functions-js-2.4.4.tgz. Extracting by manifest.
380 silly tarball no local data for @supabase/node-fetch@https://registry.npmjs.org/@supabase/node-fetch/-/node-fetch-2.6.15.tgz. Extracting by manifest.
381 silly tarball no local data for @supabase/postgrest-js@https://registry.npmjs.org/@supabase/postgrest-js/-/postgrest-js-1.19.4.tgz. Extracting by manifest.
382 silly tarball no local data for @supabase/auth-js@https://registry.npmjs.org/@supabase/auth-js/-/auth-js-2.70.0.tgz. Extracting by manifest.
383 silly tarball no local data for ws@https://registry.npmjs.org/ws/-/ws-8.18.2.tgz. Extracting by manifest.
384 silly tarball no local data for @next/swc-darwin-arm64@https://registry.npmjs.org/@next/swc-darwin-arm64/-/swc-darwin-arm64-15.5.7.tgz. Extracting by manifest.
385 silly tarball no local data for @babel/runtime@https://registry.npmjs.org/@babel/runtime/-/runtime-7.27.6.tgz. Extracting by manifest.
386 silly tarball no local data for victory-vendor@https://registry.npmjs.org/victory-vendor/-/victory-vendor-36.9.2.tgz. Extracting by manifest.
387 silly tarball no local data for @next/env@https://registry.npmjs.org/@next/env/-/env-15.5.9.tgz. Extracting by manifest.
388 silly tarball no local data for undici-types@https://registry.npmjs.org/undici-types/-/undici-types-6.21.0.tgz. Extracting by manifest.
389 silly tarball no local data for styled-jsx@https://registry.npmjs.org/styled-jsx/-/styled-jsx-5.1.6.tgz. Extracting by manifest.
390 silly tarball no local data for tiny-invariant@https://registry.npmjs.org/tiny-invariant/-/tiny-invariant-1.3.3.tgz. Extracting by manifest.
391 silly tarball no local data for semver@https://registry.npmjs.org/semver/-/semver-7.7.3.tgz. Extracting by manifest.
392 silly tarball no local data for scheduler@https://registry.npmjs.org/scheduler/-/scheduler-0.26.0.tgz. Extracting by manifest.
393 silly tarball no local data for recharts-scale@https://registry.npmjs.org/recharts-scale/-/recharts-scale-0.4.5.tgz. Extracting by manifest.
394 silly tarball no local data for recharts@https://registry.npmjs.org/recharts/-/recharts-2.15.3.tgz. Extracting by manifest.
395 silly tarball no local data for source-map-js@https://registry.npmjs.org/source-map-js/-/source-map-js-1.2.1.tgz. Extracting by manifest.
396 silly tarball no local data for react-transition-group@https://registry.npmjs.org/react-transition-group/-/react-transition-group-4.4.5.tgz. Extracting by manifest.
397 silly tarball no local data for react-smooth@https://registry.npmjs.org/react-smooth/-/react-smooth-4.0.4.tgz. Extracting by manifest.
398 silly tarball no local data for react-is@https://registry.npmjs.org/react-is/-/react-is-18.3.1.tgz. Extracting by manifest.
399 silly tarball no local data for react@https://registry.npmjs.org/react/-/react-19.1.0.tgz. Extracting by manifest.
400 silly tarball no local data for react-dom@https://registry.npmjs.org/react-dom/-/react-dom-19.1.0.tgz. Extracting by manifest.
401 silly tarball no local data for loose-envify@https://registry.npmjs.org/loose-envify/-/loose-envify-1.4.0.tgz. Extracting by manifest.
402 silly tarball no local data for nanoid@https://registry.npmjs.org/nanoid/-/nanoid-3.3.11.tgz. Extracting by manifest.
403 silly tarball no local data for lodash@https://registry.npmjs.org/lodash/-/lodash-4.17.23.tgz. Extracting by manifest.
404 silly tarball no local data for lucide-react@https://registry.npmjs.org/lucide-react/-/lucide-react-0.517.0.tgz. Extracting by manifest.
405 silly tarball no local data for js-tokens@https://registry.npmjs.org/js-tokens/-/js-tokens-4.0.0.tgz. Extracting by manifest.
406 silly tarball no local data for internmap@https://registry.npmjs.org/internmap/-/internmap-2.0.3.tgz. Extracting by manifest.
407 silly tarball no local data for fast-equals@https://registry.npmjs.org/fast-equals/-/fast-equals-5.2.2.tgz. Extracting by manifest.
408 silly tarball no local data for d3-timer@https://registry.npmjs.org/d3-timer/-/d3-timer-3.0.1.tgz. Extracting by manifest.
409 silly tarball no local data for decimal.js-light@https://registry.npmjs.org/decimal.js-light/-/decimal.js-light-2.5.1.tgz. Extracting by manifest.
410 silly tarball no local data for @supabase/storage-js@https://registry.npmjs.org/@supabase/storage-js/-/storage-js-2.7.1.tgz. Extracting by manifest.
411 silly tarball no local data for dom-helpers@https://registry.npmjs.org/dom-helpers/-/dom-helpers-5.2.1.tgz. Extracting by manifest.
412 silly tarball no local data for d3-time-format@https://registry.npmjs.org/d3-time-format/-/d3-time-format-4.1.0.tgz. Extracting by manifest.
413 silly tarball no local data for d3-scale@https://registry.npmjs.org/d3-scale/-/d3-scale-4.0.2.tgz. Extracting by manifest.
414 silly tarball no local data for d3-path@https://registry.npmjs.org/d3-path/-/d3-path-3.1.0.tgz. Extracting by manifest.
415 silly tarball no local data for d3-shape@https://registry.npmjs.org/d3-shape/-/d3-shape-3.2.0.tgz. Extracting by manifest.
416 silly tarball no local data for d3-interpolate@https://registry.npmjs.org/d3-interpolate/-/d3-interpolate-3.0.1.tgz. Extracting by manifest.
417 silly tarball no local data for d3-time@https://registry.npmjs.org/d3-time/-/d3-time-3.1.0.tgz. Extracting by manifest.
418 silly tarball no local data for d3-color@https://registry.npmjs.org/d3-color/-/d3-color-3.1.0.tgz. Extracting by manifest.
419 silly tarball no local data for csstype@https://registry.npmjs.org/csstype/-/csstype-3.1.3.tgz. Extracting by manifest.
420 silly tarball no local data for d3-array@https://registry.npmjs.org/d3-array/-/d3-array-3.2.4.tgz. Extracting by manifest.
421 silly tarball no local data for d3-ease@https://registry.npmjs.org/d3-ease/-/d3-ease-3.0.1.tgz. Extracting by manifest.
422 silly tarball no local data for clsx@https://registry.npmjs.org/clsx/-/clsx-2.1.1.tgz. Extracting by manifest.
423 silly tarball no local data for d3-format@https://registry.npmjs.org/d3-format/-/d3-format-3.1.0.tgz. Extracting by manifest.
424 silly tarball no local data for caniuse-lite@https://registry.npmjs.org/caniuse-lite/-/caniuse-lite-1.0.30001721.tgz. Extracting by manifest.
425 silly tarball no local data for client-only@https://registry.npmjs.org/client-only/-/client-only-0.0.1.tgz. Extracting by manifest.
426 silly tarball no local data for react-is@https://registry.npmjs.org/react-is/-/react-is-16.13.1.tgz. Extracting by manifest.
427 silly tarball no local data for postcss@https://registry.npmjs.org/postcss/-/postcss-8.4.31.tgz. Extracting by manifest.
428 http fetch GET https://registry.npmjs.org/prop-types/-/prop-types-15.8.1.tgz attempt 1 failed with ENOTFOUND
429 http fetch GET https://registry.npmjs.org/next/-/next-15.5.9.tgz attempt 1 failed with ENOTFOUND
430 http fetch GET https://registry.npmjs.org/@types/phoenix/-/phoenix-1.6.6.tgz attempt 1 failed with ENOTFOUND
431 http fetch GET https://registry.npmjs.org/@types/d3-timer/-/d3-timer-3.0.2.tgz attempt 1 failed with ENOTFOUND
432 http fetch GET https://registry.npmjs.org/@types/d3-shape/-/d3-shape-3.1.7.tgz attempt 1 failed with ENOTFOUND
433 http fetch GET https://registry.npmjs.org/@types/d3-time/-/d3-time-3.0.4.tgz attempt 1 failed with ENOTFOUND
434 http fetch GET https://registry.npmjs.org/@types/d3-path/-/d3-path-3.1.1.tgz attempt 1 failed with ENOTFOUND
435 http fetch GET https://registry.npmjs.org/@types/d3-scale/-/d3-scale-4.0.9.tgz attempt 1 failed with ENOTFOUND
436 http fetch GET https://registry.npmjs.org/@types/d3-interpolate/-/d3-interpolate-3.0.4.tgz attempt 1 failed with ENOTFOUND
437 http fetch GET https://registry.npmjs.org/@types/d3-ease/-/d3-ease-3.0.2.tgz attempt 1 failed with ENOTFOUND
438 http fetch GET https://registry.npmjs.org/@types/d3-color/-/d3-color-3.1.3.tgz attempt 1 failed with ENOTFOUND
439 http fetch GET https://registry.npmjs.org/@types/d3-array/-/d3-array-3.2.1.tgz attempt 1 failed with ENOTFOUND
440 http fetch GET https://registry.npmjs.org/@swc/helpers/-/helpers-0.5.15.tgz attempt 1 failed with ENOTFOUND
441 http fetch GET https://registry.npmjs.org/@supabase/supabase-js/-/supabase-js-2.50.0.tgz attempt 1 failed with ENOTFOUND
442 http fetch GET https://registry.npmjs.org/@types/node/-/node-20.19.0.tgz attempt 1 failed with ENOTFOUND
443 http fetch GET https://registry.npmjs.org/prop-types/-/prop-types-15.8.1.tgz attempt 2 failed with ENOTFOUND
444 http fetch GET https://registry.npmjs.org/next/-/next-15.5.9.tgz attempt 2 failed with ENOTFOUND
445 http fetch GET https://registry.npmjs.org/@types/phoenix/-/phoenix-1.6.6.tgz attempt 2 failed with ENOTFOUND
446 http fetch GET https://registry.npmjs.org/@types/d3-timer/-/d3-timer-3.0.2.tgz attempt 2 failed with ENOTFOUND
447 http fetch GET https://registry.npmjs.org/@types/d3-shape/-/d3-shape-3.1.7.tgz attempt 2 failed with ENOTFOUND
448 http fetch GET https://registry.npmjs.org/@types/d3-time/-/d3-time-3.0.4.tgz attempt 2 failed with ENOTFOUND
449 http fetch GET https://registry.npmjs.org/@types/d3-path/-/d3-path-3.1.1.tgz attempt 2 failed with ENOTFOUND
450 http fetch GET https://registry.npmjs.org/@types/d3-scale/-/d3-scale-4.0.9.tgz attempt 2 failed with ENOTFOUND
451 http fetch GET https://registry.npmjs.org/@types/d3-interpolate/-/d3-interpolate-3.0.4.tgz attempt 2 failed with ENOTFOUND
452 http fetch GET https://registry.npmjs.org/@types/d3-ease/-/d3-ease-3.0.2.tgz attempt 2 failed with ENOTFOUND
453 http fetch GET https://registry.npmjs.org/@types/d3-color/-/d3-color-3.1.3.tgz attempt 2 failed with ENOTFOUND
454 http fetch GET https://registry.npmjs.org/@types/d3-array/-/d3-array-3.2.1.tgz attempt 2 failed with ENOTFOUND
455 http fetch GET https://registry.npmjs.org/@swc/helpers/-/helpers-0.5.15.tgz attempt 2 failed with ENOTFOUND
456 http fetch GET https://registry.npmjs.org/@supabase/supabase-js/-/supabase-js-2.50.0.tgz attempt 2 failed with ENOTFOUND
457 http fetch GET https://registry.npmjs.org/@types/node/-/node-20.19.0.tgz attempt 2 failed with ENOTFOUND
458 http fetch GET https://registry.npmjs.org/prop-types/-/prop-types-15.8.1.tgz attempt 3 failed with ENOTFOUND
459 http fetch GET https://registry.npmjs.org/next/-/next-15.5.9.tgz attempt 3 failed with ENOTFOUND
460 http fetch GET https://registry.npmjs.org/@types/phoenix/-/phoenix-1.6.6.tgz attempt 3 failed with ENOTFOUND
461 http fetch GET https://registry.npmjs.org/@types/d3-timer/-/d3-timer-3.0.2.tgz attempt 3 failed with ENOTFOUND
462 http fetch GET https://registry.npmjs.org/@types/d3-shape/-/d3-shape-3.1.7.tgz attempt 3 failed with ENOTFOUND
463 http fetch GET https://registry.npmjs.org/@types/d3-time/-/d3-time-3.0.4.tgz attempt 3 failed with ENOTFOUND
464 http fetch GET https://registry.npmjs.org/@types/d3-path/-/d3-path-3.1.1.tgz attempt 3 failed with ENOTFOUND
465 http fetch GET https://registry.npmjs.org/@types/d3-scale/-/d3-scale-4.0.9.tgz attempt 3 failed with ENOTFOUND
466 http fetch GET https://registry.npmjs.org/@types/d3-interpolate/-/d3-interpolate-3.0.4.tgz attempt 3 failed with ENOTFOUND
467 http fetch GET https://registry.npmjs.org/@types/d3-ease/-/d3-ease-3.0.2.tgz attempt 3 failed with ENOTFOUND
468 http fetch GET https://registry.npmjs.org/@types/d3-color/-/d3-color-3.1.3.tgz attempt 3 failed with ENOTFOUND
469 http fetch GET https://registry.npmjs.org/@types/d3-array/-/d3-array-3.2.1.tgz attempt 3 failed with ENOTFOUND
470 http fetch GET https://registry.npmjs.org/@swc/helpers/-/helpers-0.5.15.tgz attempt 3 failed with ENOTFOUND
471 http fetch GET https://registry.npmjs.org/@supabase/supabase-js/-/supabase-js-2.50.0.tgz attempt 3 failed with ENOTFOUND
472 http fetch GET https://registry.npmjs.org/@types/node/-/node-20.19.0.tgz attempt 3 failed with ENOTFOUND
473 verbose cwd /Users/Arias/.openclaw/workspace/Monkey-site
474 verbose os Darwin 25.2.0
475 verbose node v22.22.0
476 verbose npm  v10.9.4
477 error Exit handler never called!
478 error This is an error with npm itself. Please report this error at:
479 error   <https://github.com/npm/cli/issues>
480 verbose exit 1
481 verbose code 1
482 error A complete log of this run can be found in: /Users/Arias/.openclaw/workspace/Monkey-site/.npm-cache/_logs/2026-02-20T09_43_55_840Z-debug-0.log
